2025-05-28 15:01:56 INFO  o.h.validator.internal.util.Version - HV000001: Hibernate Validator 8.0.1.Final
2025-05-28 15:01:56 INFO  p.p.ProgamerquizApplication - Starting ProgamerquizApplication using Java 17.0.12 with PID 85467 (/Users/jeontak/Desktop/coding/progamerquiz/build/classes/java/main started by jeontak in /Users/jeontak/Desktop/coding/progamerquiz)
2025-05-28 15:01:56 INFO  p.p.ProgamerquizApplication - No active profile set, falling back to 1 default profile: "default"
2025-05-28 15:01:57 INFO  o.s.d.r.c.RepositoryConfigurationDelegate - Bootstrapping Spring Data JPA repositories in DEFAULT mode.
2025-05-28 15:01:57 INFO  o.s.d.r.c.RepositoryConfigurationDelegate - Finished Spring Data repository scanning in 24 ms. Found 5 JPA repository interfaces.
2025-05-28 15:01:57 INFO  o.s.b.w.e.tomcat.TomcatWebServer - Tomcat initialized with port 8080 (http)
2025-05-28 15:01:57 INFO  o.a.coyote.http11.Http11NioProtocol - Initializing ProtocolHandler ["http-nio-8080"]
2025-05-28 15:01:57 INFO  o.a.catalina.core.StandardService - Starting service [Tomcat]
2025-05-28 15:01:57 INFO  o.a.catalina.core.StandardEngine - Starting Servlet engine: [Apache Tomcat/10.1.26]
2025-05-28 15:01:57 INFO  o.a.c.c.C.[Tomcat].[localhost].[/] - Initializing Spring embedded WebApplicationContext
2025-05-28 15:01:57 INFO  o.s.b.w.s.c.ServletWebServerApplicationContext - Root WebApplicationContext: initialization completed in 1203 ms
2025-05-28 15:01:57 INFO  o.h.jpa.internal.util.LogHelper - HHH000204: Processing PersistenceUnitInfo [name: default]
2025-05-28 15:01:57 INFO  org.hibernate.Version - HHH000412: Hibernate ORM core version 6.5.2.Final
2025-05-28 15:01:57 INFO  o.h.c.i.RegionFactoryInitiator - HHH000026: Second-level cache disabled
2025-05-28 15:01:58 INFO  o.s.o.j.p.SpringPersistenceUnitInfo - No LoadTimeWeaver setup: ignoring JPA class transformer
2025-05-28 15:01:58 INFO  com.zaxxer.hikari.HikariDataSource - HikariPool-1 - Starting...
2025-05-28 15:01:58 INFO  com.zaxxer.hikari.pool.HikariPool - HikariPool-1 - Added connection com.mysql.cj.jdbc.ConnectionImpl@2552181d
2025-05-28 15:01:58 INFO  com.zaxxer.hikari.HikariDataSource - HikariPool-1 - Start completed.
2025-05-28 15:01:58 WARN  org.hibernate.orm.deprecation - HHH90000025: MySQLDialect does not need to be specified explicitly using 'hibernate.dialect' (remove the property setting and it will be selected by default)
2025-05-28 15:01:58 INFO  o.h.e.t.j.p.i.JtaPlatformInitiator - HHH000489: No JTA platform available (set 'hibernate.transaction.jta.platform' to enable JTA platform integration)
2025-05-28 15:01:58 WARN  o.h.t.s.i.ExceptionHandlerLoggedImpl - GenerationTarget encountered exception accepting command : Error executing DDL "
    alter table igotyou 
       drop 
       foreign key FK5sm6vn3a75s1r250nslpsd1v1" via JDBC [Table 'progamerquiz-mysql.igotyou' doesn't exist]
org.hibernate.tool.schema.spi.CommandAcceptanceException: Error executing DDL "
    alter table igotyou 
       drop 
       foreign key FK5sm6vn3a75s1r250nslpsd1v1" via JDBC [Table 'progamerquiz-mysql.igotyou' doesn't exist]
	at org.hibernate.tool.schema.internal.exec.GenerationTargetToDatabase.accept(GenerationTargetToDatabase.java:94)
	at org.hibernate.tool.schema.internal.Helper.applySqlString(Helper.java:233)
	at org.hibernate.tool.schema.internal.Helper.applySqlStrings(Helper.java:217)
	at org.hibernate.tool.schema.internal.SchemaDropperImpl.applyConstraintDropping(SchemaDropperImpl.java:476)
	at org.hibernate.tool.schema.internal.SchemaDropperImpl.dropConstraintsTablesSequences(SchemaDropperImpl.java:242)
	at org.hibernate.tool.schema.internal.SchemaDropperImpl.dropFromMetadata(SchemaDropperImpl.java:215)
	at org.hibernate.tool.schema.internal.SchemaDropperImpl.performDrop(SchemaDropperImpl.java:185)
	at org.hibernate.tool.schema.internal.SchemaDropperImpl.doDrop(SchemaDropperImpl.java:155)
	at org.hibernate.tool.schema.internal.SchemaDropperImpl.doDrop(SchemaDropperImpl.java:115)
	at org.hibernate.tool.schema.spi.SchemaManagementToolCoordinator.performDatabaseAction(SchemaManagementToolCoordinator.java:238)
	at org.hibernate.tool.schema.spi.SchemaManagementToolCoordinator.lambda$process$5(SchemaManagementToolCoordinator.java:144)
	at java.base/java.util.HashMap.forEach(HashMap.java:1421)
	at org.hibernate.tool.schema.spi.SchemaManagementToolCoordinator.process(SchemaManagementToolCoordinator.java:141)
	at org.hibernate.boot.internal.SessionFactoryObserverForSchemaExport.sessionFactoryCreated(SessionFactoryObserverForSchemaExport.java:37)
	at org.hibernate.internal.SessionFactoryObserverChain.sessionFactoryCreated(SessionFactoryObserverChain.java:35)
	at org.hibernate.internal.SessionFactoryImpl.<init>(SessionFactoryImpl.java:322)
	at org.hibernate.boot.internal.SessionFactoryBuilderImpl.build(SessionFactoryBuilderImpl.java:457)
	at org.hibernate.jpa.boot.internal.EntityManagerFactoryBuilderImpl.build(EntityManagerFactoryBuilderImpl.java:1506)
	at org.springframework.orm.jpa.vendor.SpringHibernateJpaPersistenceProvider.createContainerEntityManagerFactory(SpringHibernateJpaPersistenceProvider.java:75)
	at org.springframework.orm.jpa.LocalContainerEntityManagerFactoryBean.createNativeEntityManagerFactory(LocalContainerEntityManagerFactoryBean.java:390)
	at org.springframework.orm.jpa.AbstractEntityManagerFactoryBean.buildNativeEntityManagerFactory(AbstractEntityManagerFactoryBean.java:409)
	at org.springframework.orm.jpa.AbstractEntityManagerFactoryBean.afterPropertiesSet(AbstractEntityManagerFactoryBean.java:396)
	at org.springframework.orm.jpa.LocalContainerEntityManagerFactoryBean.afterPropertiesSet(LocalContainerEntityManagerFactoryBean.java:366)
	at org.springframework.beans.factory.support.AbstractAutowireCapableBeanFactory.invokeInitMethods(AbstractAutowireCapableBeanFactory.java:1853)
	at org.springframework.beans.factory.support.AbstractAutowireCapableBeanFactory.initializeBean(AbstractAutowireCapableBeanFactory.java:1802)
	at org.springframework.beans.factory.support.AbstractAutowireCapableBeanFactory.doCreateBean(AbstractAutowireCapableBeanFactory.java:600)
	at org.springframework.beans.factory.support.AbstractAutowireCapableBeanFactory.createBean(AbstractAutowireCapableBeanFactory.java:522)
	at org.springframework.beans.factory.support.AbstractBeanFactory.lambda$doGetBean$0(AbstractBeanFactory.java:337)
	at org.springframework.beans.factory.support.DefaultSingletonBeanRegistry.getSingleton(DefaultSingletonBeanRegistry.java:234)
	at org.springframework.beans.factory.support.AbstractBeanFactory.doGetBean(AbstractBeanFactory.java:335)
	at org.springframework.beans.factory.support.AbstractBeanFactory.getBean(AbstractBeanFactory.java:205)
	at org.springframework.context.support.AbstractApplicationContext.finishBeanFactoryInitialization(AbstractApplicationContext.java:954)
	at org.springframework.context.support.AbstractApplicationContext.refresh(AbstractApplicationContext.java:625)
	at org.springframework.boot.web.servlet.context.ServletWebServerApplicationContext.refresh(ServletWebServerApplicationContext.java:146)
	at org.springframework.boot.SpringApplication.refresh(SpringApplication.java:754)
	at org.springframework.boot.SpringApplication.refreshContext(SpringApplication.java:456)
	at org.springframework.boot.SpringApplication.run(SpringApplication.java:335)
	at org.springframework.boot.SpringApplication.run(SpringApplication.java:1363)
	at org.springframework.boot.SpringApplication.run(SpringApplication.java:1352)
	at pq.progamerquiz.ProgamerquizApplication.main(ProgamerquizApplication.java:10)
Caused by: java.sql.SQLSyntaxErrorException: Table 'progamerquiz-mysql.igotyou' doesn't exist
	at com.mysql.cj.jdbc.exceptions.SQLError.createSQLException(SQLError.java:121)
	at com.mysql.cj.jdbc.exceptions.SQLExceptionsMapping.translateException(SQLExceptionsMapping.java:122)
	at com.mysql.cj.jdbc.StatementImpl.executeInternal(StatementImpl.java:770)
	at com.mysql.cj.jdbc.StatementImpl.execute(StatementImpl.java:653)
	at com.zaxxer.hikari.pool.ProxyStatement.execute(ProxyStatement.java:94)
	at com.zaxxer.hikari.pool.HikariProxyStatement.execute(HikariProxyStatement.java)
	at org.hibernate.tool.schema.internal.exec.GenerationTargetToDatabase.accept(GenerationTargetToDatabase.java:80)
	... 39 common frames omitted
2025-05-28 15:01:58 WARN  o.h.t.s.i.ExceptionHandlerLoggedImpl - GenerationTarget encountered exception accepting command : Error executing DDL "
    alter table igotyou_progamer 
       drop 
       foreign key FKi853v1g6lpmm9r5v8w2wyjai7" via JDBC [Table 'progamerquiz-mysql.igotyou_progamer' doesn't exist]
org.hibernate.tool.schema.spi.CommandAcceptanceException: Error executing DDL "
    alter table igotyou_progamer 
       drop 
       foreign key FKi853v1g6lpmm9r5v8w2wyjai7" via JDBC [Table 'progamerquiz-mysql.igotyou_progamer' doesn't exist]
	at org.hibernate.tool.schema.internal.exec.GenerationTargetToDatabase.accept(GenerationTargetToDatabase.java:94)
	at org.hibernate.tool.schema.internal.Helper.applySqlString(Helper.java:233)
	at org.hibernate.tool.schema.internal.Helper.applySqlStrings(Helper.java:217)
	at org.hibernate.tool.schema.internal.SchemaDropperImpl.applyConstraintDropping(SchemaDropperImpl.java:476)
	at org.hibernate.tool.schema.internal.SchemaDropperImpl.dropConstraintsTablesSequences(SchemaDropperImpl.java:242)
	at org.hibernate.tool.schema.internal.SchemaDropperImpl.dropFromMetadata(SchemaDropperImpl.java:215)
	at org.hibernate.tool.schema.internal.SchemaDropperImpl.performDrop(SchemaDropperImpl.java:185)
	at org.hibernate.tool.schema.internal.SchemaDropperImpl.doDrop(SchemaDropperImpl.java:155)
	at org.hibernate.tool.schema.internal.SchemaDropperImpl.doDrop(SchemaDropperImpl.java:115)
	at org.hibernate.tool.schema.spi.SchemaManagementToolCoordinator.performDatabaseAction(SchemaManagementToolCoordinator.java:238)
	at org.hibernate.tool.schema.spi.SchemaManagementToolCoordinator.lambda$process$5(SchemaManagementToolCoordinator.java:144)
	at java.base/java.util.HashMap.forEach(HashMap.java:1421)
	at org.hibernate.tool.schema.spi.SchemaManagementToolCoordinator.process(SchemaManagementToolCoordinator.java:141)
	at org.hibernate.boot.internal.SessionFactoryObserverForSchemaExport.sessionFactoryCreated(SessionFactoryObserverForSchemaExport.java:37)
	at org.hibernate.internal.SessionFactoryObserverChain.sessionFactoryCreated(SessionFactoryObserverChain.java:35)
	at org.hibernate.internal.SessionFactoryImpl.<init>(SessionFactoryImpl.java:322)
	at org.hibernate.boot.internal.SessionFactoryBuilderImpl.build(SessionFactoryBuilderImpl.java:457)
	at org.hibernate.jpa.boot.internal.EntityManagerFactoryBuilderImpl.build(EntityManagerFactoryBuilderImpl.java:1506)
	at org.springframework.orm.jpa.vendor.SpringHibernateJpaPersistenceProvider.createContainerEntityManagerFactory(SpringHibernateJpaPersistenceProvider.java:75)
	at org.springframework.orm.jpa.LocalContainerEntityManagerFactoryBean.createNativeEntityManagerFactory(LocalContainerEntityManagerFactoryBean.java:390)
	at org.springframework.orm.jpa.AbstractEntityManagerFactoryBean.buildNativeEntityManagerFactory(AbstractEntityManagerFactoryBean.java:409)
	at org.springframework.orm.jpa.AbstractEntityManagerFactoryBean.afterPropertiesSet(AbstractEntityManagerFactoryBean.java:396)
	at org.springframework.orm.jpa.LocalContainerEntityManagerFactoryBean.afterPropertiesSet(LocalContainerEntityManagerFactoryBean.java:366)
	at org.springframework.beans.factory.support.AbstractAutowireCapableBeanFactory.invokeInitMethods(AbstractAutowireCapableBeanFactory.java:1853)
	at org.springframework.beans.factory.support.AbstractAutowireCapableBeanFactory.initializeBean(AbstractAutowireCapableBeanFactory.java:1802)
	at org.springframework.beans.factory.support.AbstractAutowireCapableBeanFactory.doCreateBean(AbstractAutowireCapableBeanFactory.java:600)
	at org.springframework.beans.factory.support.AbstractAutowireCapableBeanFactory.createBean(AbstractAutowireCapableBeanFactory.java:522)
	at org.springframework.beans.factory.support.AbstractBeanFactory.lambda$doGetBean$0(AbstractBeanFactory.java:337)
	at org.springframework.beans.factory.support.DefaultSingletonBeanRegistry.getSingleton(DefaultSingletonBeanRegistry.java:234)
	at org.springframework.beans.factory.support.AbstractBeanFactory.doGetBean(AbstractBeanFactory.java:335)
	at org.springframework.beans.factory.support.AbstractBeanFactory.getBean(AbstractBeanFactory.java:205)
	at org.springframework.context.support.AbstractApplicationContext.finishBeanFactoryInitialization(AbstractApplicationContext.java:954)
	at org.springframework.context.support.AbstractApplicationContext.refresh(AbstractApplicationContext.java:625)
	at org.springframework.boot.web.servlet.context.ServletWebServerApplicationContext.refresh(ServletWebServerApplicationContext.java:146)
	at org.springframework.boot.SpringApplication.refresh(SpringApplication.java:754)
	at org.springframework.boot.SpringApplication.refreshContext(SpringApplication.java:456)
	at org.springframework.boot.SpringApplication.run(SpringApplication.java:335)
	at org.springframework.boot.SpringApplication.run(SpringApplication.java:1363)
	at org.springframework.boot.SpringApplication.run(SpringApplication.java:1352)
	at pq.progamerquiz.ProgamerquizApplication.main(ProgamerquizApplication.java:10)
Caused by: java.sql.SQLSyntaxErrorException: Table 'progamerquiz-mysql.igotyou_progamer' doesn't exist
	at com.mysql.cj.jdbc.exceptions.SQLError.createSQLException(SQLError.java:121)
	at com.mysql.cj.jdbc.exceptions.SQLExceptionsMapping.translateException(SQLExceptionsMapping.java:122)
	at com.mysql.cj.jdbc.StatementImpl.executeInternal(StatementImpl.java:770)
	at com.mysql.cj.jdbc.StatementImpl.execute(StatementImpl.java:653)
	at com.zaxxer.hikari.pool.ProxyStatement.execute(ProxyStatement.java:94)
	at com.zaxxer.hikari.pool.HikariProxyStatement.execute(HikariProxyStatement.java)
	at org.hibernate.tool.schema.internal.exec.GenerationTargetToDatabase.accept(GenerationTargetToDatabase.java:80)
	... 39 common frames omitted
2025-05-28 15:01:58 WARN  o.h.t.s.i.ExceptionHandlerLoggedImpl - GenerationTarget encountered exception accepting command : Error executing DDL "
    alter table igotyou_progamer 
       drop 
       foreign key FK3ct1bbee1ssq1sr1xu6n3uwx0" via JDBC [Table 'progamerquiz-mysql.igotyou_progamer' doesn't exist]
org.hibernate.tool.schema.spi.CommandAcceptanceException: Error executing DDL "
    alter table igotyou_progamer 
       drop 
       foreign key FK3ct1bbee1ssq1sr1xu6n3uwx0" via JDBC [Table 'progamerquiz-mysql.igotyou_progamer' doesn't exist]
	at org.hibernate.tool.schema.internal.exec.GenerationTargetToDatabase.accept(GenerationTargetToDatabase.java:94)
	at org.hibernate.tool.schema.internal.Helper.applySqlString(Helper.java:233)
	at org.hibernate.tool.schema.internal.Helper.applySqlStrings(Helper.java:217)
	at org.hibernate.tool.schema.internal.SchemaDropperImpl.applyConstraintDropping(SchemaDropperImpl.java:476)
	at org.hibernate.tool.schema.internal.SchemaDropperImpl.dropConstraintsTablesSequences(SchemaDropperImpl.java:242)
	at org.hibernate.tool.schema.internal.SchemaDropperImpl.dropFromMetadata(SchemaDropperImpl.java:215)
	at org.hibernate.tool.schema.internal.SchemaDropperImpl.performDrop(SchemaDropperImpl.java:185)
	at org.hibernate.tool.schema.internal.SchemaDropperImpl.doDrop(SchemaDropperImpl.java:155)
	at org.hibernate.tool.schema.internal.SchemaDropperImpl.doDrop(SchemaDropperImpl.java:115)
	at org.hibernate.tool.schema.spi.SchemaManagementToolCoordinator.performDatabaseAction(SchemaManagementToolCoordinator.java:238)
	at org.hibernate.tool.schema.spi.SchemaManagementToolCoordinator.lambda$process$5(SchemaManagementToolCoordinator.java:144)
	at java.base/java.util.HashMap.forEach(HashMap.java:1421)
	at org.hibernate.tool.schema.spi.SchemaManagementToolCoordinator.process(SchemaManagementToolCoordinator.java:141)
	at org.hibernate.boot.internal.SessionFactoryObserverForSchemaExport.sessionFactoryCreated(SessionFactoryObserverForSchemaExport.java:37)
	at org.hibernate.internal.SessionFactoryObserverChain.sessionFactoryCreated(SessionFactoryObserverChain.java:35)
	at org.hibernate.internal.SessionFactoryImpl.<init>(SessionFactoryImpl.java:322)
	at org.hibernate.boot.internal.SessionFactoryBuilderImpl.build(SessionFactoryBuilderImpl.java:457)
	at org.hibernate.jpa.boot.internal.EntityManagerFactoryBuilderImpl.build(EntityManagerFactoryBuilderImpl.java:1506)
	at org.springframework.orm.jpa.vendor.SpringHibernateJpaPersistenceProvider.createContainerEntityManagerFactory(SpringHibernateJpaPersistenceProvider.java:75)
	at org.springframework.orm.jpa.LocalContainerEntityManagerFactoryBean.createNativeEntityManagerFactory(LocalContainerEntityManagerFactoryBean.java:390)
	at org.springframework.orm.jpa.AbstractEntityManagerFactoryBean.buildNativeEntityManagerFactory(AbstractEntityManagerFactoryBean.java:409)
	at org.springframework.orm.jpa.AbstractEntityManagerFactoryBean.afterPropertiesSet(AbstractEntityManagerFactoryBean.java:396)
	at org.springframework.orm.jpa.LocalContainerEntityManagerFactoryBean.afterPropertiesSet(LocalContainerEntityManagerFactoryBean.java:366)
	at org.springframework.beans.factory.support.AbstractAutowireCapableBeanFactory.invokeInitMethods(AbstractAutowireCapableBeanFactory.java:1853)
	at org.springframework.beans.factory.support.AbstractAutowireCapableBeanFactory.initializeBean(AbstractAutowireCapableBeanFactory.java:1802)
	at org.springframework.beans.factory.support.AbstractAutowireCapableBeanFactory.doCreateBean(AbstractAutowireCapableBeanFactory.java:600)
	at org.springframework.beans.factory.support.AbstractAutowireCapableBeanFactory.createBean(AbstractAutowireCapableBeanFactory.java:522)
	at org.springframework.beans.factory.support.AbstractBeanFactory.lambda$doGetBean$0(AbstractBeanFactory.java:337)
	at org.springframework.beans.factory.support.DefaultSingletonBeanRegistry.getSingleton(DefaultSingletonBeanRegistry.java:234)
	at org.springframework.beans.factory.support.AbstractBeanFactory.doGetBean(AbstractBeanFactory.java:335)
	at org.springframework.beans.factory.support.AbstractBeanFactory.getBean(AbstractBeanFactory.java:205)
	at org.springframework.context.support.AbstractApplicationContext.finishBeanFactoryInitialization(AbstractApplicationContext.java:954)
	at org.springframework.context.support.AbstractApplicationContext.refresh(AbstractApplicationContext.java:625)
	at org.springframework.boot.web.servlet.context.ServletWebServerApplicationContext.refresh(ServletWebServerApplicationContext.java:146)
	at org.springframework.boot.SpringApplication.refresh(SpringApplication.java:754)
	at org.springframework.boot.SpringApplication.refreshContext(SpringApplication.java:456)
	at org.springframework.boot.SpringApplication.run(SpringApplication.java:335)
	at org.springframework.boot.SpringApplication.run(SpringApplication.java:1363)
	at org.springframework.boot.SpringApplication.run(SpringApplication.java:1352)
	at pq.progamerquiz.ProgamerquizApplication.main(ProgamerquizApplication.java:10)
Caused by: java.sql.SQLSyntaxErrorException: Table 'progamerquiz-mysql.igotyou_progamer' doesn't exist
	at com.mysql.cj.jdbc.exceptions.SQLError.createSQLException(SQLError.java:121)
	at com.mysql.cj.jdbc.exceptions.SQLExceptionsMapping.translateException(SQLExceptionsMapping.java:122)
	at com.mysql.cj.jdbc.StatementImpl.executeInternal(StatementImpl.java:770)
	at com.mysql.cj.jdbc.StatementImpl.execute(StatementImpl.java:653)
	at com.zaxxer.hikari.pool.ProxyStatement.execute(ProxyStatement.java:94)
	at com.zaxxer.hikari.pool.HikariProxyStatement.execute(HikariProxyStatement.java)
	at org.hibernate.tool.schema.internal.exec.GenerationTargetToDatabase.accept(GenerationTargetToDatabase.java:80)
	... 39 common frames omitted
2025-05-28 15:01:58 WARN  o.h.t.s.i.ExceptionHandlerLoggedImpl - GenerationTarget encountered exception accepting command : Error executing DDL "
    alter table pieceofpuzzle 
       drop 
       foreign key FKfh8l3henfv3ve6500b494oe7o" via JDBC [Table 'progamerquiz-mysql.pieceofpuzzle' doesn't exist]
org.hibernate.tool.schema.spi.CommandAcceptanceException: Error executing DDL "
    alter table pieceofpuzzle 
       drop 
       foreign key FKfh8l3henfv3ve6500b494oe7o" via JDBC [Table 'progamerquiz-mysql.pieceofpuzzle' doesn't exist]
	at org.hibernate.tool.schema.internal.exec.GenerationTargetToDatabase.accept(GenerationTargetToDatabase.java:94)
	at org.hibernate.tool.schema.internal.Helper.applySqlString(Helper.java:233)
	at org.hibernate.tool.schema.internal.Helper.applySqlStrings(Helper.java:217)
	at org.hibernate.tool.schema.internal.SchemaDropperImpl.applyConstraintDropping(SchemaDropperImpl.java:476)
	at org.hibernate.tool.schema.internal.SchemaDropperImpl.dropConstraintsTablesSequences(SchemaDropperImpl.java:242)
	at org.hibernate.tool.schema.internal.SchemaDropperImpl.dropFromMetadata(SchemaDropperImpl.java:215)
	at org.hibernate.tool.schema.internal.SchemaDropperImpl.performDrop(SchemaDropperImpl.java:185)
	at org.hibernate.tool.schema.internal.SchemaDropperImpl.doDrop(SchemaDropperImpl.java:155)
	at org.hibernate.tool.schema.internal.SchemaDropperImpl.doDrop(SchemaDropperImpl.java:115)
	at org.hibernate.tool.schema.spi.SchemaManagementToolCoordinator.performDatabaseAction(SchemaManagementToolCoordinator.java:238)
	at org.hibernate.tool.schema.spi.SchemaManagementToolCoordinator.lambda$process$5(SchemaManagementToolCoordinator.java:144)
	at java.base/java.util.HashMap.forEach(HashMap.java:1421)
	at org.hibernate.tool.schema.spi.SchemaManagementToolCoordinator.process(SchemaManagementToolCoordinator.java:141)
	at org.hibernate.boot.internal.SessionFactoryObserverForSchemaExport.sessionFactoryCreated(SessionFactoryObserverForSchemaExport.java:37)
	at org.hibernate.internal.SessionFactoryObserverChain.sessionFactoryCreated(SessionFactoryObserverChain.java:35)
	at org.hibernate.internal.SessionFactoryImpl.<init>(SessionFactoryImpl.java:322)
	at org.hibernate.boot.internal.SessionFactoryBuilderImpl.build(SessionFactoryBuilderImpl.java:457)
	at org.hibernate.jpa.boot.internal.EntityManagerFactoryBuilderImpl.build(EntityManagerFactoryBuilderImpl.java:1506)
	at org.springframework.orm.jpa.vendor.SpringHibernateJpaPersistenceProvider.createContainerEntityManagerFactory(SpringHibernateJpaPersistenceProvider.java:75)
	at org.springframework.orm.jpa.LocalContainerEntityManagerFactoryBean.createNativeEntityManagerFactory(LocalContainerEntityManagerFactoryBean.java:390)
	at org.springframework.orm.jpa.AbstractEntityManagerFactoryBean.buildNativeEntityManagerFactory(AbstractEntityManagerFactoryBean.java:409)
	at org.springframework.orm.jpa.AbstractEntityManagerFactoryBean.afterPropertiesSet(AbstractEntityManagerFactoryBean.java:396)
	at org.springframework.orm.jpa.LocalContainerEntityManagerFactoryBean.afterPropertiesSet(LocalContainerEntityManagerFactoryBean.java:366)
	at org.springframework.beans.factory.support.AbstractAutowireCapableBeanFactory.invokeInitMethods(AbstractAutowireCapableBeanFactory.java:1853)
	at org.springframework.beans.factory.support.AbstractAutowireCapableBeanFactory.initializeBean(AbstractAutowireCapableBeanFactory.java:1802)
	at org.springframework.beans.factory.support.AbstractAutowireCapableBeanFactory.doCreateBean(AbstractAutowireCapableBeanFactory.java:600)
	at org.springframework.beans.factory.support.AbstractAutowireCapableBeanFactory.createBean(AbstractAutowireCapableBeanFactory.java:522)
	at org.springframework.beans.factory.support.AbstractBeanFactory.lambda$doGetBean$0(AbstractBeanFactory.java:337)
	at org.springframework.beans.factory.support.DefaultSingletonBeanRegistry.getSingleton(DefaultSingletonBeanRegistry.java:234)
	at org.springframework.beans.factory.support.AbstractBeanFactory.doGetBean(AbstractBeanFactory.java:335)
	at org.springframework.beans.factory.support.AbstractBeanFactory.getBean(AbstractBeanFactory.java:205)
	at org.springframework.context.support.AbstractApplicationContext.finishBeanFactoryInitialization(AbstractApplicationContext.java:954)
	at org.springframework.context.support.AbstractApplicationContext.refresh(AbstractApplicationContext.java:625)
	at org.springframework.boot.web.servlet.context.ServletWebServerApplicationContext.refresh(ServletWebServerApplicationContext.java:146)
	at org.springframework.boot.SpringApplication.refresh(SpringApplication.java:754)
	at org.springframework.boot.SpringApplication.refreshContext(SpringApplication.java:456)
	at org.springframework.boot.SpringApplication.run(SpringApplication.java:335)
	at org.springframework.boot.SpringApplication.run(SpringApplication.java:1363)
	at org.springframework.boot.SpringApplication.run(SpringApplication.java:1352)
	at pq.progamerquiz.ProgamerquizApplication.main(ProgamerquizApplication.java:10)
Caused by: java.sql.SQLSyntaxErrorException: Table 'progamerquiz-mysql.pieceofpuzzle' doesn't exist
	at com.mysql.cj.jdbc.exceptions.SQLError.createSQLException(SQLError.java:121)
	at com.mysql.cj.jdbc.exceptions.SQLExceptionsMapping.translateException(SQLExceptionsMapping.java:122)
	at com.mysql.cj.jdbc.StatementImpl.executeInternal(StatementImpl.java:770)
	at com.mysql.cj.jdbc.StatementImpl.execute(StatementImpl.java:653)
	at com.zaxxer.hikari.pool.ProxyStatement.execute(ProxyStatement.java:94)
	at com.zaxxer.hikari.pool.HikariProxyStatement.execute(HikariProxyStatement.java)
	at org.hibernate.tool.schema.internal.exec.GenerationTargetToDatabase.accept(GenerationTargetToDatabase.java:80)
	... 39 common frames omitted
2025-05-28 15:01:58 WARN  o.h.t.s.i.ExceptionHandlerLoggedImpl - GenerationTarget encountered exception accepting command : Error executing DDL "
    alter table pieceofpuzzle_team 
       drop 
       foreign key FK5nqm4ory5jchlsfwdm6xh30kx" via JDBC [Table 'progamerquiz-mysql.pieceofpuzzle_team' doesn't exist]
org.hibernate.tool.schema.spi.CommandAcceptanceException: Error executing DDL "
    alter table pieceofpuzzle_team 
       drop 
       foreign key FK5nqm4ory5jchlsfwdm6xh30kx" via JDBC [Table 'progamerquiz-mysql.pieceofpuzzle_team' doesn't exist]
	at org.hibernate.tool.schema.internal.exec.GenerationTargetToDatabase.accept(GenerationTargetToDatabase.java:94)
	at org.hibernate.tool.schema.internal.Helper.applySqlString(Helper.java:233)
	at org.hibernate.tool.schema.internal.Helper.applySqlStrings(Helper.java:217)
	at org.hibernate.tool.schema.internal.SchemaDropperImpl.applyConstraintDropping(SchemaDropperImpl.java:476)
	at org.hibernate.tool.schema.internal.SchemaDropperImpl.dropConstraintsTablesSequences(SchemaDropperImpl.java:242)
	at org.hibernate.tool.schema.internal.SchemaDropperImpl.dropFromMetadata(SchemaDropperImpl.java:215)
	at org.hibernate.tool.schema.internal.SchemaDropperImpl.performDrop(SchemaDropperImpl.java:185)
	at org.hibernate.tool.schema.internal.SchemaDropperImpl.doDrop(SchemaDropperImpl.java:155)
	at org.hibernate.tool.schema.internal.SchemaDropperImpl.doDrop(SchemaDropperImpl.java:115)
	at org.hibernate.tool.schema.spi.SchemaManagementToolCoordinator.performDatabaseAction(SchemaManagementToolCoordinator.java:238)
	at org.hibernate.tool.schema.spi.SchemaManagementToolCoordinator.lambda$process$5(SchemaManagementToolCoordinator.java:144)
	at java.base/java.util.HashMap.forEach(HashMap.java:1421)
	at org.hibernate.tool.schema.spi.SchemaManagementToolCoordinator.process(SchemaManagementToolCoordinator.java:141)
	at org.hibernate.boot.internal.SessionFactoryObserverForSchemaExport.sessionFactoryCreated(SessionFactoryObserverForSchemaExport.java:37)
	at org.hibernate.internal.SessionFactoryObserverChain.sessionFactoryCreated(SessionFactoryObserverChain.java:35)
	at org.hibernate.internal.SessionFactoryImpl.<init>(SessionFactoryImpl.java:322)
	at org.hibernate.boot.internal.SessionFactoryBuilderImpl.build(SessionFactoryBuilderImpl.java:457)
	at org.hibernate.jpa.boot.internal.EntityManagerFactoryBuilderImpl.build(EntityManagerFactoryBuilderImpl.java:1506)
	at org.springframework.orm.jpa.vendor.SpringHibernateJpaPersistenceProvider.createContainerEntityManagerFactory(SpringHibernateJpaPersistenceProvider.java:75)
	at org.springframework.orm.jpa.LocalContainerEntityManagerFactoryBean.createNativeEntityManagerFactory(LocalContainerEntityManagerFactoryBean.java:390)
	at org.springframework.orm.jpa.AbstractEntityManagerFactoryBean.buildNativeEntityManagerFactory(AbstractEntityManagerFactoryBean.java:409)
	at org.springframework.orm.jpa.AbstractEntityManagerFactoryBean.afterPropertiesSet(AbstractEntityManagerFactoryBean.java:396)
	at org.springframework.orm.jpa.LocalContainerEntityManagerFactoryBean.afterPropertiesSet(LocalContainerEntityManagerFactoryBean.java:366)
	at org.springframework.beans.factory.support.AbstractAutowireCapableBeanFactory.invokeInitMethods(AbstractAutowireCapableBeanFactory.java:1853)
	at org.springframework.beans.factory.support.AbstractAutowireCapableBeanFactory.initializeBean(AbstractAutowireCapableBeanFactory.java:1802)
	at org.springframework.beans.factory.support.AbstractAutowireCapableBeanFactory.doCreateBean(AbstractAutowireCapableBeanFactory.java:600)
	at org.springframework.beans.factory.support.AbstractAutowireCapableBeanFactory.createBean(AbstractAutowireCapableBeanFactory.java:522)
	at org.springframework.beans.factory.support.AbstractBeanFactory.lambda$doGetBean$0(AbstractBeanFactory.java:337)
	at org.springframework.beans.factory.support.DefaultSingletonBeanRegistry.getSingleton(DefaultSingletonBeanRegistry.java:234)
	at org.springframework.beans.factory.support.AbstractBeanFactory.doGetBean(AbstractBeanFactory.java:335)
	at org.springframework.beans.factory.support.AbstractBeanFactory.getBean(AbstractBeanFactory.java:205)
	at org.springframework.context.support.AbstractApplicationContext.finishBeanFactoryInitialization(AbstractApplicationContext.java:954)
	at org.springframework.context.support.AbstractApplicationContext.refresh(AbstractApplicationContext.java:625)
	at org.springframework.boot.web.servlet.context.ServletWebServerApplicationContext.refresh(ServletWebServerApplicationContext.java:146)
	at org.springframework.boot.SpringApplication.refresh(SpringApplication.java:754)
	at org.springframework.boot.SpringApplication.refreshContext(SpringApplication.java:456)
	at org.springframework.boot.SpringApplication.run(SpringApplication.java:335)
	at org.springframework.boot.SpringApplication.run(SpringApplication.java:1363)
	at org.springframework.boot.SpringApplication.run(SpringApplication.java:1352)
	at pq.progamerquiz.ProgamerquizApplication.main(ProgamerquizApplication.java:10)
Caused by: java.sql.SQLSyntaxErrorException: Table 'progamerquiz-mysql.pieceofpuzzle_team' doesn't exist
	at com.mysql.cj.jdbc.exceptions.SQLError.createSQLException(SQLError.java:121)
	at com.mysql.cj.jdbc.exceptions.SQLExceptionsMapping.translateException(SQLExceptionsMapping.java:122)
	at com.mysql.cj.jdbc.StatementImpl.executeInternal(StatementImpl.java:770)
	at com.mysql.cj.jdbc.StatementImpl.execute(StatementImpl.java:653)
	at com.zaxxer.hikari.pool.ProxyStatement.execute(ProxyStatement.java:94)
	at com.zaxxer.hikari.pool.HikariProxyStatement.execute(HikariProxyStatement.java)
	at org.hibernate.tool.schema.internal.exec.GenerationTargetToDatabase.accept(GenerationTargetToDatabase.java:80)
	... 39 common frames omitted
2025-05-28 15:01:58 WARN  o.h.t.s.i.ExceptionHandlerLoggedImpl - GenerationTarget encountered exception accepting command : Error executing DDL "
    alter table pieceofpuzzle_team 
       drop 
       foreign key FK38v8c4bkw1e06gi7qckocmnj1" via JDBC [Table 'progamerquiz-mysql.pieceofpuzzle_team' doesn't exist]
org.hibernate.tool.schema.spi.CommandAcceptanceException: Error executing DDL "
    alter table pieceofpuzzle_team 
       drop 
       foreign key FK38v8c4bkw1e06gi7qckocmnj1" via JDBC [Table 'progamerquiz-mysql.pieceofpuzzle_team' doesn't exist]
	at org.hibernate.tool.schema.internal.exec.GenerationTargetToDatabase.accept(GenerationTargetToDatabase.java:94)
	at org.hibernate.tool.schema.internal.Helper.applySqlString(Helper.java:233)
	at org.hibernate.tool.schema.internal.Helper.applySqlStrings(Helper.java:217)
	at org.hibernate.tool.schema.internal.SchemaDropperImpl.applyConstraintDropping(SchemaDropperImpl.java:476)
	at org.hibernate.tool.schema.internal.SchemaDropperImpl.dropConstraintsTablesSequences(SchemaDropperImpl.java:242)
	at org.hibernate.tool.schema.internal.SchemaDropperImpl.dropFromMetadata(SchemaDropperImpl.java:215)
	at org.hibernate.tool.schema.internal.SchemaDropperImpl.performDrop(SchemaDropperImpl.java:185)
	at org.hibernate.tool.schema.internal.SchemaDropperImpl.doDrop(SchemaDropperImpl.java:155)
	at org.hibernate.tool.schema.internal.SchemaDropperImpl.doDrop(SchemaDropperImpl.java:115)
	at org.hibernate.tool.schema.spi.SchemaManagementToolCoordinator.performDatabaseAction(SchemaManagementToolCoordinator.java:238)
	at org.hibernate.tool.schema.spi.SchemaManagementToolCoordinator.lambda$process$5(SchemaManagementToolCoordinator.java:144)
	at java.base/java.util.HashMap.forEach(HashMap.java:1421)
	at org.hibernate.tool.schema.spi.SchemaManagementToolCoordinator.process(SchemaManagementToolCoordinator.java:141)
	at org.hibernate.boot.internal.SessionFactoryObserverForSchemaExport.sessionFactoryCreated(SessionFactoryObserverForSchemaExport.java:37)
	at org.hibernate.internal.SessionFactoryObserverChain.sessionFactoryCreated(SessionFactoryObserverChain.java:35)
	at org.hibernate.internal.SessionFactoryImpl.<init>(SessionFactoryImpl.java:322)
	at org.hibernate.boot.internal.SessionFactoryBuilderImpl.build(SessionFactoryBuilderImpl.java:457)
	at org.hibernate.jpa.boot.internal.EntityManagerFactoryBuilderImpl.build(EntityManagerFactoryBuilderImpl.java:1506)
	at org.springframework.orm.jpa.vendor.SpringHibernateJpaPersistenceProvider.createContainerEntityManagerFactory(SpringHibernateJpaPersistenceProvider.java:75)
	at org.springframework.orm.jpa.LocalContainerEntityManagerFactoryBean.createNativeEntityManagerFactory(LocalContainerEntityManagerFactoryBean.java:390)
	at org.springframework.orm.jpa.AbstractEntityManagerFactoryBean.buildNativeEntityManagerFactory(AbstractEntityManagerFactoryBean.java:409)
	at org.springframework.orm.jpa.AbstractEntityManagerFactoryBean.afterPropertiesSet(AbstractEntityManagerFactoryBean.java:396)
	at org.springframework.orm.jpa.LocalContainerEntityManagerFactoryBean.afterPropertiesSet(LocalContainerEntityManagerFactoryBean.java:366)
	at org.springframework.beans.factory.support.AbstractAutowireCapableBeanFactory.invokeInitMethods(AbstractAutowireCapableBeanFactory.java:1853)
	at org.springframework.beans.factory.support.AbstractAutowireCapableBeanFactory.initializeBean(AbstractAutowireCapableBeanFactory.java:1802)
	at org.springframework.beans.factory.support.AbstractAutowireCapableBeanFactory.doCreateBean(AbstractAutowireCapableBeanFactory.java:600)
	at org.springframework.beans.factory.support.AbstractAutowireCapableBeanFactory.createBean(AbstractAutowireCapableBeanFactory.java:522)
	at org.springframework.beans.factory.support.AbstractBeanFactory.lambda$doGetBean$0(AbstractBeanFactory.java:337)
	at org.springframework.beans.factory.support.DefaultSingletonBeanRegistry.getSingleton(DefaultSingletonBeanRegistry.java:234)
	at org.springframework.beans.factory.support.AbstractBeanFactory.doGetBean(AbstractBeanFactory.java:335)
	at org.springframework.beans.factory.support.AbstractBeanFactory.getBean(AbstractBeanFactory.java:205)
	at org.springframework.context.support.AbstractApplicationContext.finishBeanFactoryInitialization(AbstractApplicationContext.java:954)
	at org.springframework.context.support.AbstractApplicationContext.refresh(AbstractApplicationContext.java:625)
	at org.springframework.boot.web.servlet.context.ServletWebServerApplicationContext.refresh(ServletWebServerApplicationContext.java:146)
	at org.springframework.boot.SpringApplication.refresh(SpringApplication.java:754)
	at org.springframework.boot.SpringApplication.refreshContext(SpringApplication.java:456)
	at org.springframework.boot.SpringApplication.run(SpringApplication.java:335)
	at org.springframework.boot.SpringApplication.run(SpringApplication.java:1363)
	at org.springframework.boot.SpringApplication.run(SpringApplication.java:1352)
	at pq.progamerquiz.ProgamerquizApplication.main(ProgamerquizApplication.java:10)
Caused by: java.sql.SQLSyntaxErrorException: Table 'progamerquiz-mysql.pieceofpuzzle_team' doesn't exist
	at com.mysql.cj.jdbc.exceptions.SQLError.createSQLException(SQLError.java:121)
	at com.mysql.cj.jdbc.exceptions.SQLExceptionsMapping.translateException(SQLExceptionsMapping.java:122)
	at com.mysql.cj.jdbc.StatementImpl.executeInternal(StatementImpl.java:770)
	at com.mysql.cj.jdbc.StatementImpl.execute(StatementImpl.java:653)
	at com.zaxxer.hikari.pool.ProxyStatement.execute(ProxyStatement.java:94)
	at com.zaxxer.hikari.pool.HikariProxyStatement.execute(HikariProxyStatement.java)
	at org.hibernate.tool.schema.internal.exec.GenerationTargetToDatabase.accept(GenerationTargetToDatabase.java:80)
	... 39 common frames omitted
2025-05-28 15:01:58 WARN  o.h.t.s.i.ExceptionHandlerLoggedImpl - GenerationTarget encountered exception accepting command : Error executing DDL "
    alter table pieceofpuzzle_team 
       drop 
       foreign key FKffydrwxatm1mjqlmbawn663e6" via JDBC [Table 'progamerquiz-mysql.pieceofpuzzle_team' doesn't exist]
org.hibernate.tool.schema.spi.CommandAcceptanceException: Error executing DDL "
    alter table pieceofpuzzle_team 
       drop 
       foreign key FKffydrwxatm1mjqlmbawn663e6" via JDBC [Table 'progamerquiz-mysql.pieceofpuzzle_team' doesn't exist]
	at org.hibernate.tool.schema.internal.exec.GenerationTargetToDatabase.accept(GenerationTargetToDatabase.java:94)
	at org.hibernate.tool.schema.internal.Helper.applySqlString(Helper.java:233)
	at org.hibernate.tool.schema.internal.Helper.applySqlStrings(Helper.java:217)
	at org.hibernate.tool.schema.internal.SchemaDropperImpl.applyConstraintDropping(SchemaDropperImpl.java:476)
	at org.hibernate.tool.schema.internal.SchemaDropperImpl.dropConstraintsTablesSequences(SchemaDropperImpl.java:242)
	at org.hibernate.tool.schema.internal.SchemaDropperImpl.dropFromMetadata(SchemaDropperImpl.java:215)
	at org.hibernate.tool.schema.internal.SchemaDropperImpl.performDrop(SchemaDropperImpl.java:185)
	at org.hibernate.tool.schema.internal.SchemaDropperImpl.doDrop(SchemaDropperImpl.java:155)
	at org.hibernate.tool.schema.internal.SchemaDropperImpl.doDrop(SchemaDropperImpl.java:115)
	at org.hibernate.tool.schema.spi.SchemaManagementToolCoordinator.performDatabaseAction(SchemaManagementToolCoordinator.java:238)
	at org.hibernate.tool.schema.spi.SchemaManagementToolCoordinator.lambda$process$5(SchemaManagementToolCoordinator.java:144)
	at java.base/java.util.HashMap.forEach(HashMap.java:1421)
	at org.hibernate.tool.schema.spi.SchemaManagementToolCoordinator.process(SchemaManagementToolCoordinator.java:141)
	at org.hibernate.boot.internal.SessionFactoryObserverForSchemaExport.sessionFactoryCreated(SessionFactoryObserverForSchemaExport.java:37)
	at org.hibernate.internal.SessionFactoryObserverChain.sessionFactoryCreated(SessionFactoryObserverChain.java:35)
	at org.hibernate.internal.SessionFactoryImpl.<init>(SessionFactoryImpl.java:322)
	at org.hibernate.boot.internal.SessionFactoryBuilderImpl.build(SessionFactoryBuilderImpl.java:457)
	at org.hibernate.jpa.boot.internal.EntityManagerFactoryBuilderImpl.build(EntityManagerFactoryBuilderImpl.java:1506)
	at org.springframework.orm.jpa.vendor.SpringHibernateJpaPersistenceProvider.createContainerEntityManagerFactory(SpringHibernateJpaPersistenceProvider.java:75)
	at org.springframework.orm.jpa.LocalContainerEntityManagerFactoryBean.createNativeEntityManagerFactory(LocalContainerEntityManagerFactoryBean.java:390)
	at org.springframework.orm.jpa.AbstractEntityManagerFactoryBean.buildNativeEntityManagerFactory(AbstractEntityManagerFactoryBean.java:409)
	at org.springframework.orm.jpa.AbstractEntityManagerFactoryBean.afterPropertiesSet(AbstractEntityManagerFactoryBean.java:396)
	at org.springframework.orm.jpa.LocalContainerEntityManagerFactoryBean.afterPropertiesSet(LocalContainerEntityManagerFactoryBean.java:366)
	at org.springframework.beans.factory.support.AbstractAutowireCapableBeanFactory.invokeInitMethods(AbstractAutowireCapableBeanFactory.java:1853)
	at org.springframework.beans.factory.support.AbstractAutowireCapableBeanFactory.initializeBean(AbstractAutowireCapableBeanFactory.java:1802)
	at org.springframework.beans.factory.support.AbstractAutowireCapableBeanFactory.doCreateBean(AbstractAutowireCapableBeanFactory.java:600)
	at org.springframework.beans.factory.support.AbstractAutowireCapableBeanFactory.createBean(AbstractAutowireCapableBeanFactory.java:522)
	at org.springframework.beans.factory.support.AbstractBeanFactory.lambda$doGetBean$0(AbstractBeanFactory.java:337)
	at org.springframework.beans.factory.support.DefaultSingletonBeanRegistry.getSingleton(DefaultSingletonBeanRegistry.java:234)
	at org.springframework.beans.factory.support.AbstractBeanFactory.doGetBean(AbstractBeanFactory.java:335)
	at org.springframework.beans.factory.support.AbstractBeanFactory.getBean(AbstractBeanFactory.java:205)
	at org.springframework.context.support.AbstractApplicationContext.finishBeanFactoryInitialization(AbstractApplicationContext.java:954)
	at org.springframework.context.support.AbstractApplicationContext.refresh(AbstractApplicationContext.java:625)
	at org.springframework.boot.web.servlet.context.ServletWebServerApplicationContext.refresh(ServletWebServerApplicationContext.java:146)
	at org.springframework.boot.SpringApplication.refresh(SpringApplication.java:754)
	at org.springframework.boot.SpringApplication.refreshContext(SpringApplication.java:456)
	at org.springframework.boot.SpringApplication.run(SpringApplication.java:335)
	at org.springframework.boot.SpringApplication.run(SpringApplication.java:1363)
	at org.springframework.boot.SpringApplication.run(SpringApplication.java:1352)
	at pq.progamerquiz.ProgamerquizApplication.main(ProgamerquizApplication.java:10)
Caused by: java.sql.SQLSyntaxErrorException: Table 'progamerquiz-mysql.pieceofpuzzle_team' doesn't exist
	at com.mysql.cj.jdbc.exceptions.SQLError.createSQLException(SQLError.java:121)
	at com.mysql.cj.jdbc.exceptions.SQLExceptionsMapping.translateException(SQLExceptionsMapping.java:122)
	at com.mysql.cj.jdbc.StatementImpl.executeInternal(StatementImpl.java:770)
	at com.mysql.cj.jdbc.StatementImpl.execute(StatementImpl.java:653)
	at com.zaxxer.hikari.pool.ProxyStatement.execute(ProxyStatement.java:94)
	at com.zaxxer.hikari.pool.HikariProxyStatement.execute(HikariProxyStatement.java)
	at org.hibernate.tool.schema.internal.exec.GenerationTargetToDatabase.accept(GenerationTargetToDatabase.java:80)
	... 39 common frames omitted
2025-05-28 15:01:58 WARN  o.h.t.s.i.ExceptionHandlerLoggedImpl - GenerationTarget encountered exception accepting command : Error executing DDL "
    alter table progamer_team 
       drop 
       foreign key FKr0fljaps6uluoyv3e3c3rubi1" via JDBC [Table 'progamerquiz-mysql.progamer_team' doesn't exist]
org.hibernate.tool.schema.spi.CommandAcceptanceException: Error executing DDL "
    alter table progamer_team 
       drop 
       foreign key FKr0fljaps6uluoyv3e3c3rubi1" via JDBC [Table 'progamerquiz-mysql.progamer_team' doesn't exist]
	at org.hibernate.tool.schema.internal.exec.GenerationTargetToDatabase.accept(GenerationTargetToDatabase.java:94)
	at org.hibernate.tool.schema.internal.Helper.applySqlString(Helper.java:233)
	at org.hibernate.tool.schema.internal.Helper.applySqlStrings(Helper.java:217)
	at org.hibernate.tool.schema.internal.SchemaDropperImpl.applyConstraintDropping(SchemaDropperImpl.java:476)
	at org.hibernate.tool.schema.internal.SchemaDropperImpl.dropConstraintsTablesSequences(SchemaDropperImpl.java:242)
	at org.hibernate.tool.schema.internal.SchemaDropperImpl.dropFromMetadata(SchemaDropperImpl.java:215)
	at org.hibernate.tool.schema.internal.SchemaDropperImpl.performDrop(SchemaDropperImpl.java:185)
	at org.hibernate.tool.schema.internal.SchemaDropperImpl.doDrop(SchemaDropperImpl.java:155)
	at org.hibernate.tool.schema.internal.SchemaDropperImpl.doDrop(SchemaDropperImpl.java:115)
	at org.hibernate.tool.schema.spi.SchemaManagementToolCoordinator.performDatabaseAction(SchemaManagementToolCoordinator.java:238)
	at org.hibernate.tool.schema.spi.SchemaManagementToolCoordinator.lambda$process$5(SchemaManagementToolCoordinator.java:144)
	at java.base/java.util.HashMap.forEach(HashMap.java:1421)
	at org.hibernate.tool.schema.spi.SchemaManagementToolCoordinator.process(SchemaManagementToolCoordinator.java:141)
	at org.hibernate.boot.internal.SessionFactoryObserverForSchemaExport.sessionFactoryCreated(SessionFactoryObserverForSchemaExport.java:37)
	at org.hibernate.internal.SessionFactoryObserverChain.sessionFactoryCreated(SessionFactoryObserverChain.java:35)
	at org.hibernate.internal.SessionFactoryImpl.<init>(SessionFactoryImpl.java:322)
	at org.hibernate.boot.internal.SessionFactoryBuilderImpl.build(SessionFactoryBuilderImpl.java:457)
	at org.hibernate.jpa.boot.internal.EntityManagerFactoryBuilderImpl.build(EntityManagerFactoryBuilderImpl.java:1506)
	at org.springframework.orm.jpa.vendor.SpringHibernateJpaPersistenceProvider.createContainerEntityManagerFactory(SpringHibernateJpaPersistenceProvider.java:75)
	at org.springframework.orm.jpa.LocalContainerEntityManagerFactoryBean.createNativeEntityManagerFactory(LocalContainerEntityManagerFactoryBean.java:390)
	at org.springframework.orm.jpa.AbstractEntityManagerFactoryBean.buildNativeEntityManagerFactory(AbstractEntityManagerFactoryBean.java:409)
	at org.springframework.orm.jpa.AbstractEntityManagerFactoryBean.afterPropertiesSet(AbstractEntityManagerFactoryBean.java:396)
	at org.springframework.orm.jpa.LocalContainerEntityManagerFactoryBean.afterPropertiesSet(LocalContainerEntityManagerFactoryBean.java:366)
	at org.springframework.beans.factory.support.AbstractAutowireCapableBeanFactory.invokeInitMethods(AbstractAutowireCapableBeanFactory.java:1853)
	at org.springframework.beans.factory.support.AbstractAutowireCapableBeanFactory.initializeBean(AbstractAutowireCapableBeanFactory.java:1802)
	at org.springframework.beans.factory.support.AbstractAutowireCapableBeanFactory.doCreateBean(AbstractAutowireCapableBeanFactory.java:600)
	at org.springframework.beans.factory.support.AbstractAutowireCapableBeanFactory.createBean(AbstractAutowireCapableBeanFactory.java:522)
	at org.springframework.beans.factory.support.AbstractBeanFactory.lambda$doGetBean$0(AbstractBeanFactory.java:337)
	at org.springframework.beans.factory.support.DefaultSingletonBeanRegistry.getSingleton(DefaultSingletonBeanRegistry.java:234)
	at org.springframework.beans.factory.support.AbstractBeanFactory.doGetBean(AbstractBeanFactory.java:335)
	at org.springframework.beans.factory.support.AbstractBeanFactory.getBean(AbstractBeanFactory.java:205)
	at org.springframework.context.support.AbstractApplicationContext.finishBeanFactoryInitialization(AbstractApplicationContext.java:954)
	at org.springframework.context.support.AbstractApplicationContext.refresh(AbstractApplicationContext.java:625)
	at org.springframework.boot.web.servlet.context.ServletWebServerApplicationContext.refresh(ServletWebServerApplicationContext.java:146)
	at org.springframework.boot.SpringApplication.refresh(SpringApplication.java:754)
	at org.springframework.boot.SpringApplication.refreshContext(SpringApplication.java:456)
	at org.springframework.boot.SpringApplication.run(SpringApplication.java:335)
	at org.springframework.boot.SpringApplication.run(SpringApplication.java:1363)
	at org.springframework.boot.SpringApplication.run(SpringApplication.java:1352)
	at pq.progamerquiz.ProgamerquizApplication.main(ProgamerquizApplication.java:10)
Caused by: java.sql.SQLSyntaxErrorException: Table 'progamerquiz-mysql.progamer_team' doesn't exist
	at com.mysql.cj.jdbc.exceptions.SQLError.createSQLException(SQLError.java:121)
	at com.mysql.cj.jdbc.exceptions.SQLExceptionsMapping.translateException(SQLExceptionsMapping.java:122)
	at com.mysql.cj.jdbc.StatementImpl.executeInternal(StatementImpl.java:770)
	at com.mysql.cj.jdbc.StatementImpl.execute(StatementImpl.java:653)
	at com.zaxxer.hikari.pool.ProxyStatement.execute(ProxyStatement.java:94)
	at com.zaxxer.hikari.pool.HikariProxyStatement.execute(HikariProxyStatement.java)
	at org.hibernate.tool.schema.internal.exec.GenerationTargetToDatabase.accept(GenerationTargetToDatabase.java:80)
	... 39 common frames omitted
2025-05-28 15:01:58 WARN  o.h.t.s.i.ExceptionHandlerLoggedImpl - GenerationTarget encountered exception accepting command : Error executing DDL "
    alter table progamer_team 
       drop 
       foreign key FKjb2v8mu8o1bn8r33dyhgm6low" via JDBC [Table 'progamerquiz-mysql.progamer_team' doesn't exist]
org.hibernate.tool.schema.spi.CommandAcceptanceException: Error executing DDL "
    alter table progamer_team 
       drop 
       foreign key FKjb2v8mu8o1bn8r33dyhgm6low" via JDBC [Table 'progamerquiz-mysql.progamer_team' doesn't exist]
	at org.hibernate.tool.schema.internal.exec.GenerationTargetToDatabase.accept(GenerationTargetToDatabase.java:94)
	at org.hibernate.tool.schema.internal.Helper.applySqlString(Helper.java:233)
	at org.hibernate.tool.schema.internal.Helper.applySqlStrings(Helper.java:217)
	at org.hibernate.tool.schema.internal.SchemaDropperImpl.applyConstraintDropping(SchemaDropperImpl.java:476)
	at org.hibernate.tool.schema.internal.SchemaDropperImpl.dropConstraintsTablesSequences(SchemaDropperImpl.java:242)
	at org.hibernate.tool.schema.internal.SchemaDropperImpl.dropFromMetadata(SchemaDropperImpl.java:215)
	at org.hibernate.tool.schema.internal.SchemaDropperImpl.performDrop(SchemaDropperImpl.java:185)
	at org.hibernate.tool.schema.internal.SchemaDropperImpl.doDrop(SchemaDropperImpl.java:155)
	at org.hibernate.tool.schema.internal.SchemaDropperImpl.doDrop(SchemaDropperImpl.java:115)
	at org.hibernate.tool.schema.spi.SchemaManagementToolCoordinator.performDatabaseAction(SchemaManagementToolCoordinator.java:238)
	at org.hibernate.tool.schema.spi.SchemaManagementToolCoordinator.lambda$process$5(SchemaManagementToolCoordinator.java:144)
	at java.base/java.util.HashMap.forEach(HashMap.java:1421)
	at org.hibernate.tool.schema.spi.SchemaManagementToolCoordinator.process(SchemaManagementToolCoordinator.java:141)
	at org.hibernate.boot.internal.SessionFactoryObserverForSchemaExport.sessionFactoryCreated(SessionFactoryObserverForSchemaExport.java:37)
	at org.hibernate.internal.SessionFactoryObserverChain.sessionFactoryCreated(SessionFactoryObserverChain.java:35)
	at org.hibernate.internal.SessionFactoryImpl.<init>(SessionFactoryImpl.java:322)
	at org.hibernate.boot.internal.SessionFactoryBuilderImpl.build(SessionFactoryBuilderImpl.java:457)
	at org.hibernate.jpa.boot.internal.EntityManagerFactoryBuilderImpl.build(EntityManagerFactoryBuilderImpl.java:1506)
	at org.springframework.orm.jpa.vendor.SpringHibernateJpaPersistenceProvider.createContainerEntityManagerFactory(SpringHibernateJpaPersistenceProvider.java:75)
	at org.springframework.orm.jpa.LocalContainerEntityManagerFactoryBean.createNativeEntityManagerFactory(LocalContainerEntityManagerFactoryBean.java:390)
	at org.springframework.orm.jpa.AbstractEntityManagerFactoryBean.buildNativeEntityManagerFactory(AbstractEntityManagerFactoryBean.java:409)
	at org.springframework.orm.jpa.AbstractEntityManagerFactoryBean.afterPropertiesSet(AbstractEntityManagerFactoryBean.java:396)
	at org.springframework.orm.jpa.LocalContainerEntityManagerFactoryBean.afterPropertiesSet(LocalContainerEntityManagerFactoryBean.java:366)
	at org.springframework.beans.factory.support.AbstractAutowireCapableBeanFactory.invokeInitMethods(AbstractAutowireCapableBeanFactory.java:1853)
	at org.springframework.beans.factory.support.AbstractAutowireCapableBeanFactory.initializeBean(AbstractAutowireCapableBeanFactory.java:1802)
	at org.springframework.beans.factory.support.AbstractAutowireCapableBeanFactory.doCreateBean(AbstractAutowireCapableBeanFactory.java:600)
	at org.springframework.beans.factory.support.AbstractAutowireCapableBeanFactory.createBean(AbstractAutowireCapableBeanFactory.java:522)
	at org.springframework.beans.factory.support.AbstractBeanFactory.lambda$doGetBean$0(AbstractBeanFactory.java:337)
	at org.springframework.beans.factory.support.DefaultSingletonBeanRegistry.getSingleton(DefaultSingletonBeanRegistry.java:234)
	at org.springframework.beans.factory.support.AbstractBeanFactory.doGetBean(AbstractBeanFactory.java:335)
	at org.springframework.beans.factory.support.AbstractBeanFactory.getBean(AbstractBeanFactory.java:205)
	at org.springframework.context.support.AbstractApplicationContext.finishBeanFactoryInitialization(AbstractApplicationContext.java:954)
	at org.springframework.context.support.AbstractApplicationContext.refresh(AbstractApplicationContext.java:625)
	at org.springframework.boot.web.servlet.context.ServletWebServerApplicationContext.refresh(ServletWebServerApplicationContext.java:146)
	at org.springframework.boot.SpringApplication.refresh(SpringApplication.java:754)
	at org.springframework.boot.SpringApplication.refreshContext(SpringApplication.java:456)
	at org.springframework.boot.SpringApplication.run(SpringApplication.java:335)
	at org.springframework.boot.SpringApplication.run(SpringApplication.java:1363)
	at org.springframework.boot.SpringApplication.run(SpringApplication.java:1352)
	at pq.progamerquiz.ProgamerquizApplication.main(ProgamerquizApplication.java:10)
Caused by: java.sql.SQLSyntaxErrorException: Table 'progamerquiz-mysql.progamer_team' doesn't exist
	at com.mysql.cj.jdbc.exceptions.SQLError.createSQLException(SQLError.java:121)
	at com.mysql.cj.jdbc.exceptions.SQLExceptionsMapping.translateException(SQLExceptionsMapping.java:122)
	at com.mysql.cj.jdbc.StatementImpl.executeInternal(StatementImpl.java:770)
	at com.mysql.cj.jdbc.StatementImpl.execute(StatementImpl.java:653)
	at com.zaxxer.hikari.pool.ProxyStatement.execute(ProxyStatement.java:94)
	at com.zaxxer.hikari.pool.HikariProxyStatement.execute(HikariProxyStatement.java)
	at org.hibernate.tool.schema.internal.exec.GenerationTargetToDatabase.accept(GenerationTargetToDatabase.java:80)
	... 39 common frames omitted
2025-05-28 15:01:58 WARN  o.h.t.s.i.ExceptionHandlerLoggedImpl - GenerationTarget encountered exception accepting command : Error executing DDL "
    alter table whichisteam 
       drop 
       foreign key FKopsiui5bi4ndift40ugkf0af6" via JDBC [Table 'progamerquiz-mysql.whichisteam' doesn't exist]
org.hibernate.tool.schema.spi.CommandAcceptanceException: Error executing DDL "
    alter table whichisteam 
       drop 
       foreign key FKopsiui5bi4ndift40ugkf0af6" via JDBC [Table 'progamerquiz-mysql.whichisteam' doesn't exist]
	at org.hibernate.tool.schema.internal.exec.GenerationTargetToDatabase.accept(GenerationTargetToDatabase.java:94)
	at org.hibernate.tool.schema.internal.Helper.applySqlString(Helper.java:233)
	at org.hibernate.tool.schema.internal.Helper.applySqlStrings(Helper.java:217)
	at org.hibernate.tool.schema.internal.SchemaDropperImpl.applyConstraintDropping(SchemaDropperImpl.java:476)
	at org.hibernate.tool.schema.internal.SchemaDropperImpl.dropConstraintsTablesSequences(SchemaDropperImpl.java:242)
	at org.hibernate.tool.schema.internal.SchemaDropperImpl.dropFromMetadata(SchemaDropperImpl.java:215)
	at org.hibernate.tool.schema.internal.SchemaDropperImpl.performDrop(SchemaDropperImpl.java:185)
	at org.hibernate.tool.schema.internal.SchemaDropperImpl.doDrop(SchemaDropperImpl.java:155)
	at org.hibernate.tool.schema.internal.SchemaDropperImpl.doDrop(SchemaDropperImpl.java:115)
	at org.hibernate.tool.schema.spi.SchemaManagementToolCoordinator.performDatabaseAction(SchemaManagementToolCoordinator.java:238)
	at org.hibernate.tool.schema.spi.SchemaManagementToolCoordinator.lambda$process$5(SchemaManagementToolCoordinator.java:144)
	at java.base/java.util.HashMap.forEach(HashMap.java:1421)
	at org.hibernate.tool.schema.spi.SchemaManagementToolCoordinator.process(SchemaManagementToolCoordinator.java:141)
	at org.hibernate.boot.internal.SessionFactoryObserverForSchemaExport.sessionFactoryCreated(SessionFactoryObserverForSchemaExport.java:37)
	at org.hibernate.internal.SessionFactoryObserverChain.sessionFactoryCreated(SessionFactoryObserverChain.java:35)
	at org.hibernate.internal.SessionFactoryImpl.<init>(SessionFactoryImpl.java:322)
	at org.hibernate.boot.internal.SessionFactoryBuilderImpl.build(SessionFactoryBuilderImpl.java:457)
	at org.hibernate.jpa.boot.internal.EntityManagerFactoryBuilderImpl.build(EntityManagerFactoryBuilderImpl.java:1506)
	at org.springframework.orm.jpa.vendor.SpringHibernateJpaPersistenceProvider.createContainerEntityManagerFactory(SpringHibernateJpaPersistenceProvider.java:75)
	at org.springframework.orm.jpa.LocalContainerEntityManagerFactoryBean.createNativeEntityManagerFactory(LocalContainerEntityManagerFactoryBean.java:390)
	at org.springframework.orm.jpa.AbstractEntityManagerFactoryBean.buildNativeEntityManagerFactory(AbstractEntityManagerFactoryBean.java:409)
	at org.springframework.orm.jpa.AbstractEntityManagerFactoryBean.afterPropertiesSet(AbstractEntityManagerFactoryBean.java:396)
	at org.springframework.orm.jpa.LocalContainerEntityManagerFactoryBean.afterPropertiesSet(LocalContainerEntityManagerFactoryBean.java:366)
	at org.springframework.beans.factory.support.AbstractAutowireCapableBeanFactory.invokeInitMethods(AbstractAutowireCapableBeanFactory.java:1853)
	at org.springframework.beans.factory.support.AbstractAutowireCapableBeanFactory.initializeBean(AbstractAutowireCapableBeanFactory.java:1802)
	at org.springframework.beans.factory.support.AbstractAutowireCapableBeanFactory.doCreateBean(AbstractAutowireCapableBeanFactory.java:600)
	at org.springframework.beans.factory.support.AbstractAutowireCapableBeanFactory.createBean(AbstractAutowireCapableBeanFactory.java:522)
	at org.springframework.beans.factory.support.AbstractBeanFactory.lambda$doGetBean$0(AbstractBeanFactory.java:337)
	at org.springframework.beans.factory.support.DefaultSingletonBeanRegistry.getSingleton(DefaultSingletonBeanRegistry.java:234)
	at org.springframework.beans.factory.support.AbstractBeanFactory.doGetBean(AbstractBeanFactory.java:335)
	at org.springframework.beans.factory.support.AbstractBeanFactory.getBean(AbstractBeanFactory.java:205)
	at org.springframework.context.support.AbstractApplicationContext.finishBeanFactoryInitialization(AbstractApplicationContext.java:954)
	at org.springframework.context.support.AbstractApplicationContext.refresh(AbstractApplicationContext.java:625)
	at org.springframework.boot.web.servlet.context.ServletWebServerApplicationContext.refresh(ServletWebServerApplicationContext.java:146)
	at org.springframework.boot.SpringApplication.refresh(SpringApplication.java:754)
	at org.springframework.boot.SpringApplication.refreshContext(SpringApplication.java:456)
	at org.springframework.boot.SpringApplication.run(SpringApplication.java:335)
	at org.springframework.boot.SpringApplication.run(SpringApplication.java:1363)
	at org.springframework.boot.SpringApplication.run(SpringApplication.java:1352)
	at pq.progamerquiz.ProgamerquizApplication.main(ProgamerquizApplication.java:10)
Caused by: java.sql.SQLSyntaxErrorException: Table 'progamerquiz-mysql.whichisteam' doesn't exist
	at com.mysql.cj.jdbc.exceptions.SQLError.createSQLException(SQLError.java:121)
	at com.mysql.cj.jdbc.exceptions.SQLExceptionsMapping.translateException(SQLExceptionsMapping.java:122)
	at com.mysql.cj.jdbc.StatementImpl.executeInternal(StatementImpl.java:770)
	at com.mysql.cj.jdbc.StatementImpl.execute(StatementImpl.java:653)
	at com.zaxxer.hikari.pool.ProxyStatement.execute(ProxyStatement.java:94)
	at com.zaxxer.hikari.pool.HikariProxyStatement.execute(HikariProxyStatement.java)
	at org.hibernate.tool.schema.internal.exec.GenerationTargetToDatabase.accept(GenerationTargetToDatabase.java:80)
	... 39 common frames omitted
2025-05-28 15:01:58 WARN  o.h.t.s.i.ExceptionHandlerLoggedImpl - GenerationTarget encountered exception accepting command : Error executing DDL "
    alter table whichisteam_team 
       drop 
       foreign key FK151wxt8u1cugy1hq92w1jvfaf" via JDBC [Table 'progamerquiz-mysql.whichisteam_team' doesn't exist]
org.hibernate.tool.schema.spi.CommandAcceptanceException: Error executing DDL "
    alter table whichisteam_team 
       drop 
       foreign key FK151wxt8u1cugy1hq92w1jvfaf" via JDBC [Table 'progamerquiz-mysql.whichisteam_team' doesn't exist]
	at org.hibernate.tool.schema.internal.exec.GenerationTargetToDatabase.accept(GenerationTargetToDatabase.java:94)
	at org.hibernate.tool.schema.internal.Helper.applySqlString(Helper.java:233)
	at org.hibernate.tool.schema.internal.Helper.applySqlStrings(Helper.java:217)
	at org.hibernate.tool.schema.internal.SchemaDropperImpl.applyConstraintDropping(SchemaDropperImpl.java:476)
	at org.hibernate.tool.schema.internal.SchemaDropperImpl.dropConstraintsTablesSequences(SchemaDropperImpl.java:242)
	at org.hibernate.tool.schema.internal.SchemaDropperImpl.dropFromMetadata(SchemaDropperImpl.java:215)
	at org.hibernate.tool.schema.internal.SchemaDropperImpl.performDrop(SchemaDropperImpl.java:185)
	at org.hibernate.tool.schema.internal.SchemaDropperImpl.doDrop(SchemaDropperImpl.java:155)
	at org.hibernate.tool.schema.internal.SchemaDropperImpl.doDrop(SchemaDropperImpl.java:115)
	at org.hibernate.tool.schema.spi.SchemaManagementToolCoordinator.performDatabaseAction(SchemaManagementToolCoordinator.java:238)
	at org.hibernate.tool.schema.spi.SchemaManagementToolCoordinator.lambda$process$5(SchemaManagementToolCoordinator.java:144)
	at java.base/java.util.HashMap.forEach(HashMap.java:1421)
	at org.hibernate.tool.schema.spi.SchemaManagementToolCoordinator.process(SchemaManagementToolCoordinator.java:141)
	at org.hibernate.boot.internal.SessionFactoryObserverForSchemaExport.sessionFactoryCreated(SessionFactoryObserverForSchemaExport.java:37)
	at org.hibernate.internal.SessionFactoryObserverChain.sessionFactoryCreated(SessionFactoryObserverChain.java:35)
	at org.hibernate.internal.SessionFactoryImpl.<init>(SessionFactoryImpl.java:322)
	at org.hibernate.boot.internal.SessionFactoryBuilderImpl.build(SessionFactoryBuilderImpl.java:457)
	at org.hibernate.jpa.boot.internal.EntityManagerFactoryBuilderImpl.build(EntityManagerFactoryBuilderImpl.java:1506)
	at org.springframework.orm.jpa.vendor.SpringHibernateJpaPersistenceProvider.createContainerEntityManagerFactory(SpringHibernateJpaPersistenceProvider.java:75)
	at org.springframework.orm.jpa.LocalContainerEntityManagerFactoryBean.createNativeEntityManagerFactory(LocalContainerEntityManagerFactoryBean.java:390)
	at org.springframework.orm.jpa.AbstractEntityManagerFactoryBean.buildNativeEntityManagerFactory(AbstractEntityManagerFactoryBean.java:409)
	at org.springframework.orm.jpa.AbstractEntityManagerFactoryBean.afterPropertiesSet(AbstractEntityManagerFactoryBean.java:396)
	at org.springframework.orm.jpa.LocalContainerEntityManagerFactoryBean.afterPropertiesSet(LocalContainerEntityManagerFactoryBean.java:366)
	at org.springframework.beans.factory.support.AbstractAutowireCapableBeanFactory.invokeInitMethods(AbstractAutowireCapableBeanFactory.java:1853)
	at org.springframework.beans.factory.support.AbstractAutowireCapableBeanFactory.initializeBean(AbstractAutowireCapableBeanFactory.java:1802)
	at org.springframework.beans.factory.support.AbstractAutowireCapableBeanFactory.doCreateBean(AbstractAutowireCapableBeanFactory.java:600)
	at org.springframework.beans.factory.support.AbstractAutowireCapableBeanFactory.createBean(AbstractAutowireCapableBeanFactory.java:522)
	at org.springframework.beans.factory.support.AbstractBeanFactory.lambda$doGetBean$0(AbstractBeanFactory.java:337)
	at org.springframework.beans.factory.support.DefaultSingletonBeanRegistry.getSingleton(DefaultSingletonBeanRegistry.java:234)
	at org.springframework.beans.factory.support.AbstractBeanFactory.doGetBean(AbstractBeanFactory.java:335)
	at org.springframework.beans.factory.support.AbstractBeanFactory.getBean(AbstractBeanFactory.java:205)
	at org.springframework.context.support.AbstractApplicationContext.finishBeanFactoryInitialization(AbstractApplicationContext.java:954)
	at org.springframework.context.support.AbstractApplicationContext.refresh(AbstractApplicationContext.java:625)
	at org.springframework.boot.web.servlet.context.ServletWebServerApplicationContext.refresh(ServletWebServerApplicationContext.java:146)
	at org.springframework.boot.SpringApplication.refresh(SpringApplication.java:754)
	at org.springframework.boot.SpringApplication.refreshContext(SpringApplication.java:456)
	at org.springframework.boot.SpringApplication.run(SpringApplication.java:335)
	at org.springframework.boot.SpringApplication.run(SpringApplication.java:1363)
	at org.springframework.boot.SpringApplication.run(SpringApplication.java:1352)
	at pq.progamerquiz.ProgamerquizApplication.main(ProgamerquizApplication.java:10)
Caused by: java.sql.SQLSyntaxErrorException: Table 'progamerquiz-mysql.whichisteam_team' doesn't exist
	at com.mysql.cj.jdbc.exceptions.SQLError.createSQLException(SQLError.java:121)
	at com.mysql.cj.jdbc.exceptions.SQLExceptionsMapping.translateException(SQLExceptionsMapping.java:122)
	at com.mysql.cj.jdbc.StatementImpl.executeInternal(StatementImpl.java:770)
	at com.mysql.cj.jdbc.StatementImpl.execute(StatementImpl.java:653)
	at com.zaxxer.hikari.pool.ProxyStatement.execute(ProxyStatement.java:94)
	at com.zaxxer.hikari.pool.HikariProxyStatement.execute(HikariProxyStatement.java)
	at org.hibernate.tool.schema.internal.exec.GenerationTargetToDatabase.accept(GenerationTargetToDatabase.java:80)
	... 39 common frames omitted
2025-05-28 15:01:58 WARN  o.h.t.s.i.ExceptionHandlerLoggedImpl - GenerationTarget encountered exception accepting command : Error executing DDL "
    alter table whichisteam_team 
       drop 
       foreign key FKaakq060mv2hvfo38b3ew6gh5r" via JDBC [Table 'progamerquiz-mysql.whichisteam_team' doesn't exist]
org.hibernate.tool.schema.spi.CommandAcceptanceException: Error executing DDL "
    alter table whichisteam_team 
       drop 
       foreign key FKaakq060mv2hvfo38b3ew6gh5r" via JDBC [Table 'progamerquiz-mysql.whichisteam_team' doesn't exist]
	at org.hibernate.tool.schema.internal.exec.GenerationTargetToDatabase.accept(GenerationTargetToDatabase.java:94)
	at org.hibernate.tool.schema.internal.Helper.applySqlString(Helper.java:233)
	at org.hibernate.tool.schema.internal.Helper.applySqlStrings(Helper.java:217)
	at org.hibernate.tool.schema.internal.SchemaDropperImpl.applyConstraintDropping(SchemaDropperImpl.java:476)
	at org.hibernate.tool.schema.internal.SchemaDropperImpl.dropConstraintsTablesSequences(SchemaDropperImpl.java:242)
	at org.hibernate.tool.schema.internal.SchemaDropperImpl.dropFromMetadata(SchemaDropperImpl.java:215)
	at org.hibernate.tool.schema.internal.SchemaDropperImpl.performDrop(SchemaDropperImpl.java:185)
	at org.hibernate.tool.schema.internal.SchemaDropperImpl.doDrop(SchemaDropperImpl.java:155)
	at org.hibernate.tool.schema.internal.SchemaDropperImpl.doDrop(SchemaDropperImpl.java:115)
	at org.hibernate.tool.schema.spi.SchemaManagementToolCoordinator.performDatabaseAction(SchemaManagementToolCoordinator.java:238)
	at org.hibernate.tool.schema.spi.SchemaManagementToolCoordinator.lambda$process$5(SchemaManagementToolCoordinator.java:144)
	at java.base/java.util.HashMap.forEach(HashMap.java:1421)
	at org.hibernate.tool.schema.spi.SchemaManagementToolCoordinator.process(SchemaManagementToolCoordinator.java:141)
	at org.hibernate.boot.internal.SessionFactoryObserverForSchemaExport.sessionFactoryCreated(SessionFactoryObserverForSchemaExport.java:37)
	at org.hibernate.internal.SessionFactoryObserverChain.sessionFactoryCreated(SessionFactoryObserverChain.java:35)
	at org.hibernate.internal.SessionFactoryImpl.<init>(SessionFactoryImpl.java:322)
	at org.hibernate.boot.internal.SessionFactoryBuilderImpl.build(SessionFactoryBuilderImpl.java:457)
	at org.hibernate.jpa.boot.internal.EntityManagerFactoryBuilderImpl.build(EntityManagerFactoryBuilderImpl.java:1506)
	at org.springframework.orm.jpa.vendor.SpringHibernateJpaPersistenceProvider.createContainerEntityManagerFactory(SpringHibernateJpaPersistenceProvider.java:75)
	at org.springframework.orm.jpa.LocalContainerEntityManagerFactoryBean.createNativeEntityManagerFactory(LocalContainerEntityManagerFactoryBean.java:390)
	at org.springframework.orm.jpa.AbstractEntityManagerFactoryBean.buildNativeEntityManagerFactory(AbstractEntityManagerFactoryBean.java:409)
	at org.springframework.orm.jpa.AbstractEntityManagerFactoryBean.afterPropertiesSet(AbstractEntityManagerFactoryBean.java:396)
	at org.springframework.orm.jpa.LocalContainerEntityManagerFactoryBean.afterPropertiesSet(LocalContainerEntityManagerFactoryBean.java:366)
	at org.springframework.beans.factory.support.AbstractAutowireCapableBeanFactory.invokeInitMethods(AbstractAutowireCapableBeanFactory.java:1853)
	at org.springframework.beans.factory.support.AbstractAutowireCapableBeanFactory.initializeBean(AbstractAutowireCapableBeanFactory.java:1802)
	at org.springframework.beans.factory.support.AbstractAutowireCapableBeanFactory.doCreateBean(AbstractAutowireCapableBeanFactory.java:600)
	at org.springframework.beans.factory.support.AbstractAutowireCapableBeanFactory.createBean(AbstractAutowireCapableBeanFactory.java:522)
	at org.springframework.beans.factory.support.AbstractBeanFactory.lambda$doGetBean$0(AbstractBeanFactory.java:337)
	at org.springframework.beans.factory.support.DefaultSingletonBeanRegistry.getSingleton(DefaultSingletonBeanRegistry.java:234)
	at org.springframework.beans.factory.support.AbstractBeanFactory.doGetBean(AbstractBeanFactory.java:335)
	at org.springframework.beans.factory.support.AbstractBeanFactory.getBean(AbstractBeanFactory.java:205)
	at org.springframework.context.support.AbstractApplicationContext.finishBeanFactoryInitialization(AbstractApplicationContext.java:954)
	at org.springframework.context.support.AbstractApplicationContext.refresh(AbstractApplicationContext.java:625)
	at org.springframework.boot.web.servlet.context.ServletWebServerApplicationContext.refresh(ServletWebServerApplicationContext.java:146)
	at org.springframework.boot.SpringApplication.refresh(SpringApplication.java:754)
	at org.springframework.boot.SpringApplication.refreshContext(SpringApplication.java:456)
	at org.springframework.boot.SpringApplication.run(SpringApplication.java:335)
	at org.springframework.boot.SpringApplication.run(SpringApplication.java:1363)
	at org.springframework.boot.SpringApplication.run(SpringApplication.java:1352)
	at pq.progamerquiz.ProgamerquizApplication.main(ProgamerquizApplication.java:10)
Caused by: java.sql.SQLSyntaxErrorException: Table 'progamerquiz-mysql.whichisteam_team' doesn't exist
	at com.mysql.cj.jdbc.exceptions.SQLError.createSQLException(SQLError.java:121)
	at com.mysql.cj.jdbc.exceptions.SQLExceptionsMapping.translateException(SQLExceptionsMapping.java:122)
	at com.mysql.cj.jdbc.StatementImpl.executeInternal(StatementImpl.java:770)
	at com.mysql.cj.jdbc.StatementImpl.execute(StatementImpl.java:653)
	at com.zaxxer.hikari.pool.ProxyStatement.execute(ProxyStatement.java:94)
	at com.zaxxer.hikari.pool.HikariProxyStatement.execute(HikariProxyStatement.java)
	at org.hibernate.tool.schema.internal.exec.GenerationTargetToDatabase.accept(GenerationTargetToDatabase.java:80)
	... 39 common frames omitted
2025-05-28 15:01:58 WARN  o.h.t.s.i.ExceptionHandlerLoggedImpl - GenerationTarget encountered exception accepting command : Error executing DDL "
    alter table whoareyou 
       drop 
       foreign key FKj68i7sohafpmbk7pso8ebcgbr" via JDBC [Table 'progamerquiz-mysql.whoareyou' doesn't exist]
org.hibernate.tool.schema.spi.CommandAcceptanceException: Error executing DDL "
    alter table whoareyou 
       drop 
       foreign key FKj68i7sohafpmbk7pso8ebcgbr" via JDBC [Table 'progamerquiz-mysql.whoareyou' doesn't exist]
	at org.hibernate.tool.schema.internal.exec.GenerationTargetToDatabase.accept(GenerationTargetToDatabase.java:94)
	at org.hibernate.tool.schema.internal.Helper.applySqlString(Helper.java:233)
	at org.hibernate.tool.schema.internal.Helper.applySqlStrings(Helper.java:217)
	at org.hibernate.tool.schema.internal.SchemaDropperImpl.applyConstraintDropping(SchemaDropperImpl.java:476)
	at org.hibernate.tool.schema.internal.SchemaDropperImpl.dropConstraintsTablesSequences(SchemaDropperImpl.java:242)
	at org.hibernate.tool.schema.internal.SchemaDropperImpl.dropFromMetadata(SchemaDropperImpl.java:215)
	at org.hibernate.tool.schema.internal.SchemaDropperImpl.performDrop(SchemaDropperImpl.java:185)
	at org.hibernate.tool.schema.internal.SchemaDropperImpl.doDrop(SchemaDropperImpl.java:155)
	at org.hibernate.tool.schema.internal.SchemaDropperImpl.doDrop(SchemaDropperImpl.java:115)
	at org.hibernate.tool.schema.spi.SchemaManagementToolCoordinator.performDatabaseAction(SchemaManagementToolCoordinator.java:238)
	at org.hibernate.tool.schema.spi.SchemaManagementToolCoordinator.lambda$process$5(SchemaManagementToolCoordinator.java:144)
	at java.base/java.util.HashMap.forEach(HashMap.java:1421)
	at org.hibernate.tool.schema.spi.SchemaManagementToolCoordinator.process(SchemaManagementToolCoordinator.java:141)
	at org.hibernate.boot.internal.SessionFactoryObserverForSchemaExport.sessionFactoryCreated(SessionFactoryObserverForSchemaExport.java:37)
	at org.hibernate.internal.SessionFactoryObserverChain.sessionFactoryCreated(SessionFactoryObserverChain.java:35)
	at org.hibernate.internal.SessionFactoryImpl.<init>(SessionFactoryImpl.java:322)
	at org.hibernate.boot.internal.SessionFactoryBuilderImpl.build(SessionFactoryBuilderImpl.java:457)
	at org.hibernate.jpa.boot.internal.EntityManagerFactoryBuilderImpl.build(EntityManagerFactoryBuilderImpl.java:1506)
	at org.springframework.orm.jpa.vendor.SpringHibernateJpaPersistenceProvider.createContainerEntityManagerFactory(SpringHibernateJpaPersistenceProvider.java:75)
	at org.springframework.orm.jpa.LocalContainerEntityManagerFactoryBean.createNativeEntityManagerFactory(LocalContainerEntityManagerFactoryBean.java:390)
	at org.springframework.orm.jpa.AbstractEntityManagerFactoryBean.buildNativeEntityManagerFactory(AbstractEntityManagerFactoryBean.java:409)
	at org.springframework.orm.jpa.AbstractEntityManagerFactoryBean.afterPropertiesSet(AbstractEntityManagerFactoryBean.java:396)
	at org.springframework.orm.jpa.LocalContainerEntityManagerFactoryBean.afterPropertiesSet(LocalContainerEntityManagerFactoryBean.java:366)
	at org.springframework.beans.factory.support.AbstractAutowireCapableBeanFactory.invokeInitMethods(AbstractAutowireCapableBeanFactory.java:1853)
	at org.springframework.beans.factory.support.AbstractAutowireCapableBeanFactory.initializeBean(AbstractAutowireCapableBeanFactory.java:1802)
	at org.springframework.beans.factory.support.AbstractAutowireCapableBeanFactory.doCreateBean(AbstractAutowireCapableBeanFactory.java:600)
	at org.springframework.beans.factory.support.AbstractAutowireCapableBeanFactory.createBean(AbstractAutowireCapableBeanFactory.java:522)
	at org.springframework.beans.factory.support.AbstractBeanFactory.lambda$doGetBean$0(AbstractBeanFactory.java:337)
	at org.springframework.beans.factory.support.DefaultSingletonBeanRegistry.getSingleton(DefaultSingletonBeanRegistry.java:234)
	at org.springframework.beans.factory.support.AbstractBeanFactory.doGetBean(AbstractBeanFactory.java:335)
	at org.springframework.beans.factory.support.AbstractBeanFactory.getBean(AbstractBeanFactory.java:205)
	at org.springframework.context.support.AbstractApplicationContext.finishBeanFactoryInitialization(AbstractApplicationContext.java:954)
	at org.springframework.context.support.AbstractApplicationContext.refresh(AbstractApplicationContext.java:625)
	at org.springframework.boot.web.servlet.context.ServletWebServerApplicationContext.refresh(ServletWebServerApplicationContext.java:146)
	at org.springframework.boot.SpringApplication.refresh(SpringApplication.java:754)
	at org.springframework.boot.SpringApplication.refreshContext(SpringApplication.java:456)
	at org.springframework.boot.SpringApplication.run(SpringApplication.java:335)
	at org.springframework.boot.SpringApplication.run(SpringApplication.java:1363)
	at org.springframework.boot.SpringApplication.run(SpringApplication.java:1352)
	at pq.progamerquiz.ProgamerquizApplication.main(ProgamerquizApplication.java:10)
Caused by: java.sql.SQLSyntaxErrorException: Table 'progamerquiz-mysql.whoareyou' doesn't exist
	at com.mysql.cj.jdbc.exceptions.SQLError.createSQLException(SQLError.java:121)
	at com.mysql.cj.jdbc.exceptions.SQLExceptionsMapping.translateException(SQLExceptionsMapping.java:122)
	at com.mysql.cj.jdbc.StatementImpl.executeInternal(StatementImpl.java:770)
	at com.mysql.cj.jdbc.StatementImpl.execute(StatementImpl.java:653)
	at com.zaxxer.hikari.pool.ProxyStatement.execute(ProxyStatement.java:94)
	at com.zaxxer.hikari.pool.HikariProxyStatement.execute(HikariProxyStatement.java)
	at org.hibernate.tool.schema.internal.exec.GenerationTargetToDatabase.accept(GenerationTargetToDatabase.java:80)
	... 39 common frames omitted
2025-05-28 15:01:59 INFO  o.s.o.j.LocalContainerEntityManagerFactoryBean - Initialized JPA EntityManagerFactory for persistence unit 'default'
2025-05-28 15:01:59 INFO  o.s.d.j.r.query.QueryEnhancerFactory - Hibernate is in classpath; If applicable, HQL parser will be used.
2025-05-28 15:01:59 INFO  o.s.b.a.w.s.WelcomePageHandlerMapping - Adding welcome page: class path resource [static/index.html]
2025-05-28 15:02:00 INFO  o.s.b.a.e.web.EndpointLinksResolver - Exposing 2 endpoints beneath base path '/actuator'
2025-05-28 15:02:00 INFO  o.a.coyote.http11.Http11NioProtocol - Starting ProtocolHandler ["http-nio-8080"]
2025-05-28 15:02:00 INFO  o.s.b.w.e.tomcat.TomcatWebServer - Tomcat started on port 8080 (http) with context path '/'
2025-05-28 15:02:00 INFO  p.p.ProgamerquizApplication - Started ProgamerquizApplication in 4.037 seconds (process running for 4.504)
2025-05-28 15:02:00 INFO  o.a.c.c.C.[Tomcat].[localhost].[/] - Initializing Spring DispatcherServlet 'dispatcherServlet'
2025-05-28 15:02:00 INFO  o.s.web.servlet.DispatcherServlet - Initializing Servlet 'dispatcherServlet'
2025-05-28 15:02:00 INFO  o.s.web.servlet.DispatcherServlet - Completed initialization in 1 ms
2025-05-28 15:02:00 INFO  p.p.controller.HomeController - Home Controller
2025-05-28 15:02:01 INFO  pq.progamerquiz.util.UpdateDBList -   : 1 | 5Kid
2025-05-28 15:02:01 INFO  pq.progamerquiz.util.UpdateDBList -   : 2 | Acorn
2025-05-28 15:02:01 INFO  pq.progamerquiz.util.UpdateDBList -   : 3 | ADD
2025-05-28 15:02:01 INFO  pq.progamerquiz.util.UpdateDBList -   : 4 | Aiming
2025-05-28 15:02:01 INFO  pq.progamerquiz.util.UpdateDBList -   : 5 | Ambition
2025-05-28 15:02:01 INFO  pq.progamerquiz.util.UpdateDBList -   : 6 | Andil
2025-05-28 15:02:01 INFO  pq.progamerquiz.util.UpdateDBList -   : 7 | Arrow
2025-05-28 15:02:01 INFO  pq.progamerquiz.util.UpdateDBList -   : 8 | Bang
2025-05-28 15:02:01 INFO  pq.progamerquiz.util.UpdateDBList -   : 9 | BAO
2025-05-28 15:02:01 INFO  pq.progamerquiz.util.UpdateDBList -   : 10 | Bay
2025-05-28 15:02:01 INFO  pq.progamerquiz.util.UpdateDBList -   : 11 | Bdd
2025-05-28 15:02:01 INFO  pq.progamerquiz.util.UpdateDBList -   : 12 | Bengi
2025-05-28 15:02:01 INFO  pq.progamerquiz.util.UpdateDBList -   : 13 | BeryL
2025-05-28 15:02:01 INFO  pq.progamerquiz.util.UpdateDBList -   : 14 | Beyond
2025-05-28 15:02:01 INFO  pq.progamerquiz.util.UpdateDBList -   : 15 | Bible
2025-05-28 15:02:01 INFO  pq.progamerquiz.util.UpdateDBList -   : 16 | Blanc
2025-05-28 15:02:01 INFO  pq.progamerquiz.util.UpdateDBList -   : 17 | Bless
2025-05-28 15:02:01 INFO  pq.progamerquiz.util.UpdateDBList -   : 18 | Bonnie
2025-05-28 15:02:01 INFO  pq.progamerquiz.util.UpdateDBList -   : 19 | Bono
2025-05-28 15:02:01 INFO  pq.progamerquiz.util.UpdateDBList -   : 20 | Bubbling
2025-05-28 15:02:01 INFO  pq.progamerquiz.util.UpdateDBList -   : 21 | Bull
2025-05-28 15:02:01 INFO  pq.progamerquiz.util.UpdateDBList -   : 22 | BuLLDoG
2025-05-28 15:02:01 INFO  pq.progamerquiz.util.UpdateDBList -   : 23 | Burdol
2025-05-28 15:02:01 INFO  pq.progamerquiz.util.UpdateDBList -   : 24 | callme
2025-05-28 15:02:01 INFO  pq.progamerquiz.util.UpdateDBList -   : 25 | Canna
2025-05-28 15:02:01 INFO  pq.progamerquiz.util.UpdateDBList -   : 26 | Canyon
2025-05-28 15:02:01 INFO  pq.progamerquiz.util.UpdateDBList -   : 27 | Cepted
2025-05-28 15:02:01 INFO  pq.progamerquiz.util.UpdateDBList -   : 28 | Chaser
2025-05-28 15:02:01 INFO  pq.progamerquiz.util.UpdateDBList -   : 29 | Chei
2025-05-28 15:02:01 INFO  pq.progamerquiz.util.UpdateDBList -   : 30 | Chieftain
2025-05-28 15:02:01 INFO  pq.progamerquiz.util.UpdateDBList -   : 31 | Chovy
2025-05-28 15:02:01 INFO  pq.progamerquiz.util.UpdateDBList -   : 32 | Clid
2025-05-28 15:02:01 INFO  pq.progamerquiz.util.UpdateDBList -   : 33 | Clear
2025-05-28 15:02:01 INFO  pq.progamerquiz.util.UpdateDBList -   : 34 | Clozer
2025-05-28 15:02:01 INFO  pq.progamerquiz.util.UpdateDBList -   : 35 | Coco
2025-05-28 15:02:01 INFO  pq.progamerquiz.util.UpdateDBList -   : 36 | CoreJJ
2025-05-28 15:02:01 INFO  pq.progamerquiz.util.UpdateDBList -   : 37 | Cpt Jack
2025-05-28 15:02:01 INFO  pq.progamerquiz.util.UpdateDBList -   : 38 | Crash
2025-05-28 15:02:01 INFO  pq.progamerquiz.util.UpdateDBList -   : 39 | Crazy
2025-05-28 15:02:01 INFO  pq.progamerquiz.util.UpdateDBList -   : 40 | Croco
2025-05-28 15:02:01 INFO  pq.progamerquiz.util.UpdateDBList -   : 41 | Crown
2025-05-28 15:02:01 INFO  pq.progamerquiz.util.UpdateDBList -   : 42 | CuVee
2025-05-28 15:02:01 INFO  pq.progamerquiz.util.UpdateDBList -   : 43 | Cuzz
2025-05-28 15:02:01 INFO  pq.progamerquiz.util.UpdateDBList -   : 44 | dade
2025-05-28 15:02:01 INFO  pq.progamerquiz.util.UpdateDBList -   : 45 | DanDy
2025-05-28 15:02:01 INFO  pq.progamerquiz.util.UpdateDBList -   : 46 | Deft
2025-05-28 15:02:01 INFO  pq.progamerquiz.util.UpdateDBList -   : 47 | Delight
2025-05-28 15:02:01 INFO  pq.progamerquiz.util.UpdateDBList -   : 48 | deokdam
2025-05-28 15:02:01 INFO  pq.progamerquiz.util.UpdateDBList -   : 49 | DnDn
2025-05-28 15:02:01 INFO  pq.progamerquiz.util.UpdateDBList -   : 50 | Doran
2025-05-28 15:02:01 INFO  pq.progamerquiz.util.UpdateDBList -   : 51 | Dove
2025-05-28 15:02:01 INFO  pq.progamerquiz.util.UpdateDBList -   : 52 | Dread
2025-05-28 15:02:01 INFO  pq.progamerquiz.util.UpdateDBList -   : 53 | DuDu
2025-05-28 15:02:01 INFO  pq.progamerquiz.util.UpdateDBList -   : 54 | Duke
2025-05-28 15:02:01 INFO  pq.progamerquiz.util.UpdateDBList -   : 55 | Duro
2025-05-28 15:02:01 INFO  pq.progamerquiz.util.UpdateDBList -   : 56 | Easyhoon
2025-05-28 15:02:01 INFO  pq.progamerquiz.util.UpdateDBList -   : 57 | Edge
2025-05-28 15:02:01 INFO  pq.progamerquiz.util.UpdateDBList -   : 58 | Effort
2025-05-28 15:02:01 INFO  pq.progamerquiz.util.UpdateDBList -   : 59 | Ellim
2025-05-28 15:02:01 INFO  pq.progamerquiz.util.UpdateDBList -   : 60 | Emperor
2025-05-28 15:02:01 INFO  pq.progamerquiz.util.UpdateDBList -   : 61 | Envyy
2025-05-28 15:02:01 INFO  pq.progamerquiz.util.UpdateDBList -   : 62 | Execute
2025-05-28 15:02:01 INFO  pq.progamerquiz.util.UpdateDBList -   : 63 | Expession
2025-05-28 15:02:01 INFO  pq.progamerquiz.util.UpdateDBList -   : 64 | Faker
2025-05-28 15:02:01 INFO  pq.progamerquiz.util.UpdateDBList -   : 65 | FATE
2025-05-28 15:02:01 INFO  pq.progamerquiz.util.UpdateDBList -   : 66 | FIESTA
2025-05-28 15:02:01 INFO  pq.progamerquiz.util.UpdateDBList -   : 67 | Fisher
2025-05-28 15:02:01 INFO  pq.progamerquiz.util.UpdateDBList -   : 68 | Flame
2025-05-28 15:02:01 INFO  pq.progamerquiz.util.UpdateDBList -   : 69 | Flawless
2025-05-28 15:02:01 INFO  pq.progamerquiz.util.UpdateDBList -   : 70 | Fly
2025-05-28 15:02:01 INFO  pq.progamerquiz.util.UpdateDBList -   : 71 | Frog
2025-05-28 15:02:01 INFO  pq.progamerquiz.util.UpdateDBList -   : 72 | Frozen
2025-05-28 15:02:01 INFO  pq.progamerquiz.util.UpdateDBList -   : 73 | Fury
2025-05-28 15:02:01 INFO  pq.progamerquiz.util.UpdateDBList -   : 74 | Gango
2025-05-28 15:02:01 INFO  pq.progamerquiz.util.UpdateDBList -   : 75 | GBM
2025-05-28 15:02:01 INFO  pq.progamerquiz.util.UpdateDBList -   : 76 | Ggoong
2025-05-28 15:02:01 INFO  pq.progamerquiz.util.UpdateDBList -   : 77 | Ghost
2025-05-28 15:02:01 INFO  pq.progamerquiz.util.UpdateDBList -   : 78 | GIDEON
2025-05-28 15:02:01 INFO  pq.progamerquiz.util.UpdateDBList -   : 79 | GimGoon
2025-05-28 15:02:01 INFO  pq.progamerquiz.util.UpdateDBList -   : 80 | Gori
2025-05-28 15:02:01 INFO  pq.progamerquiz.util.UpdateDBList -   : 81 | GorillA
2025-05-28 15:02:01 INFO  pq.progamerquiz.util.UpdateDBList -   : 82 | Grizzly
2025-05-28 15:02:01 INFO  pq.progamerquiz.util.UpdateDBList -   : 83 | GuGer
2025-05-28 15:02:01 INFO  pq.progamerquiz.util.UpdateDBList -   : 84 | Gumayusi
2025-05-28 15:02:01 INFO  pq.progamerquiz.util.UpdateDBList -   : 85 | Hachani
2025-05-28 15:02:01 INFO  pq.progamerquiz.util.UpdateDBList -   : 86 | Harp
2025-05-28 15:02:01 INFO  pq.progamerquiz.util.UpdateDBList -   : 87 | Haru
2025-05-28 15:02:01 INFO  pq.progamerquiz.util.UpdateDBList -   : 88 | Helios
2025-05-28 15:02:01 INFO  pq.progamerquiz.util.UpdateDBList -   : 89 | Helper
2025-05-28 15:02:01 INFO  pq.progamerquiz.util.UpdateDBList -   : 90 | Hena
2025-05-28 15:02:01 INFO  pq.progamerquiz.util.UpdateDBList -   : 91 | Hoit
2025-05-28 15:02:01 INFO  pq.progamerquiz.util.UpdateDBList -   : 92 | Hojin
2025-05-28 15:02:01 INFO  pq.progamerquiz.util.UpdateDBList -   : 93 | Hoya
2025-05-28 15:02:01 INFO  pq.progamerquiz.util.UpdateDBList -   : 94 | Huni
2025-05-28 15:02:01 INFO  pq.progamerquiz.util.UpdateDBList -   : 95 | HyBriD
2025-05-28 15:02:01 INFO  pq.progamerquiz.util.UpdateDBList -   : 96 | Ian
2025-05-28 15:02:01 INFO  pq.progamerquiz.util.UpdateDBList -   : 97 | Ice
2025-05-28 15:02:01 INFO  pq.progamerquiz.util.UpdateDBList -   : 98 | IgNar
2025-05-28 15:02:01 INFO  pq.progamerquiz.util.UpdateDBList -   : 99 | ikssu
2025-05-28 15:02:01 INFO  pq.progamerquiz.util.UpdateDBList -   : 100 | imp
2025-05-28 15:02:01 INFO  pq.progamerquiz.util.UpdateDBList -   : 101 | Impact
2025-05-28 15:02:01 INFO  pq.progamerquiz.util.UpdateDBList -   : 102 | inSec
2025-05-28 15:02:01 INFO  pq.progamerquiz.util.UpdateDBList -   : 103 | Jelly
2025-05-28 15:02:01 INFO  pq.progamerquiz.util.UpdateDBList -   : 104 | Jett
2025-05-28 15:02:01 INFO  pq.progamerquiz.util.UpdateDBList -   : 105 | Jiwoo
2025-05-28 15:02:01 INFO  pq.progamerquiz.util.UpdateDBList -   : 106 | Joker
2025-05-28 15:02:01 INFO  pq.progamerquiz.util.UpdateDBList -   : 107 | Juhan
2025-05-28 15:02:01 INFO  pq.progamerquiz.util.UpdateDBList -   : 108 | Jun
2025-05-28 15:02:01 INFO  pq.progamerquiz.util.UpdateDBList -   : 109 | Justice
2025-05-28 15:02:01 INFO  pq.progamerquiz.util.UpdateDBList -   : 110 | Kabbie
2025-05-28 15:02:01 INFO  pq.progamerquiz.util.UpdateDBList -   : 111 | Kael
2025-05-28 15:02:01 INFO  pq.progamerquiz.util.UpdateDBList -   : 112 | KaKAO
2025-05-28 15:02:01 INFO  pq.progamerquiz.util.UpdateDBList -   : 113 | Kanavi
2025-05-28 15:02:01 INFO  pq.progamerquiz.util.UpdateDBList -   : 114 | Karis
2025-05-28 15:02:01 INFO  pq.progamerquiz.util.UpdateDBList -   : 115 | Keine
2025-05-28 15:02:01 INFO  pq.progamerquiz.util.UpdateDBList -   : 116 | Kellin
2025-05-28 15:02:01 INFO  pq.progamerquiz.util.UpdateDBList -   : 117 | Keria
2025-05-28 15:02:01 INFO  pq.progamerquiz.util.UpdateDBList -   : 118 | Key
2025-05-28 15:02:01 INFO  pq.progamerquiz.util.UpdateDBList -   : 119 | Khan
2025-05-28 15:02:01 INFO  pq.progamerquiz.util.UpdateDBList -   : 120 | Kiin
2025-05-28 15:02:01 INFO  pq.progamerquiz.util.UpdateDBList -   : 121 | Kingen
2025-05-28 15:02:01 INFO  pq.progamerquiz.util.UpdateDBList -   : 122 | Kramer
2025-05-28 15:02:01 INFO  pq.progamerquiz.util.UpdateDBList -   : 123 | Kuro
2025-05-28 15:02:01 INFO  pq.progamerquiz.util.UpdateDBList -   : 124 | Kuzan
2025-05-28 15:02:01 INFO  pq.progamerquiz.util.UpdateDBList -   : 125 | kyeahoo
2025-05-28 15:02:01 INFO  pq.progamerquiz.util.UpdateDBList -   : 126 | Lava
2025-05-28 15:02:01 INFO  pq.progamerquiz.util.UpdateDBList -   : 127 | Leaper
2025-05-28 15:02:01 INFO  pq.progamerquiz.util.UpdateDBList -   : 128 | Lehends
2025-05-28 15:02:01 INFO  pq.progamerquiz.util.UpdateDBList -   : 129 | Leo
2025-05-28 15:02:01 INFO  pq.progamerquiz.util.UpdateDBList -   : 130 | Life
2025-05-28 15:02:01 INFO  pq.progamerquiz.util.UpdateDBList -   : 131 | Lindarang
2025-05-28 15:02:01 INFO  pq.progamerquiz.util.UpdateDBList -   : 132 | LirA
2025-05-28 15:02:01 INFO  pq.progamerquiz.util.UpdateDBList -   : 133 | LokeN
2025-05-28 15:02:01 INFO  pq.progamerquiz.util.UpdateDBList -   : 134 | Looper
2025-05-28 15:02:01 INFO  pq.progamerquiz.util.UpdateDBList -   : 135 | Lucid
2025-05-28 15:02:01 INFO  pq.progamerquiz.util.UpdateDBList -   : 136 | MadLife
2025-05-28 15:02:01 INFO  pq.progamerquiz.util.UpdateDBList -   : 137 | MaHa
2025-05-28 15:02:01 INFO  pq.progamerquiz.util.UpdateDBList -   : 138 | Malrang
2025-05-28 15:02:01 INFO  pq.progamerquiz.util.UpdateDBList -   : 139 | MaRin
2025-05-28 15:02:01 INFO  pq.progamerquiz.util.UpdateDBList -   : 140 | Mata
2025-05-28 15:02:01 INFO  pq.progamerquiz.util.UpdateDBList -   : 141 | Max
2025-05-28 15:02:01 INFO  pq.progamerquiz.util.UpdateDBList -   : 142 | Mia
2025-05-28 15:02:01 INFO  pq.progamerquiz.util.UpdateDBList -   : 143 | Mickey
2025-05-28 15:02:01 INFO  pq.progamerquiz.util.UpdateDBList -   : 144 | Mightybear
2025-05-28 15:02:01 INFO  pq.progamerquiz.util.UpdateDBList -   : 145 | Mihile
2025-05-28 15:02:01 INFO  pq.progamerquiz.util.UpdateDBList -   : 146 | Mir
2025-05-28 15:02:01 INFO  pq.progamerquiz.util.UpdateDBList -   : 147 | Mireu
2025-05-28 15:02:01 INFO  pq.progamerquiz.util.UpdateDBList -   : 148 | Moham
2025-05-28 15:02:01 INFO  pq.progamerquiz.util.UpdateDBList -   : 149 | Moojin
2025-05-28 15:02:01 INFO  pq.progamerquiz.util.UpdateDBList -   : 150 | Morgan
2025-05-28 15:02:01 INFO  pq.progamerquiz.util.UpdateDBList -   : 151 | Mowgil
2025-05-28 15:02:01 INFO  pq.progamerquiz.util.UpdateDBList -   : 152 | Mystic
2025-05-28 15:02:01 INFO  pq.progamerquiz.util.UpdateDBList -   : 153 | NaeHyun
2025-05-28 15:02:01 INFO  pq.progamerquiz.util.UpdateDBList -   : 154 | Nagne
2025-05-28 15:02:01 INFO  pq.progamerquiz.util.UpdateDBList -   : 155 | Noah
2025-05-28 15:02:01 INFO  pq.progamerquiz.util.UpdateDBList -   : 156 | Nova
2025-05-28 15:02:01 INFO  pq.progamerquiz.util.UpdateDBList -   : 157 | Nuclear
2025-05-28 15:02:01 INFO  pq.progamerquiz.util.UpdateDBList -   : 158 | Nuguri
2025-05-28 15:02:01 INFO  pq.progamerquiz.util.UpdateDBList -   : 159 | Ohq
2025-05-28 15:02:01 INFO  pq.progamerquiz.util.UpdateDBList -   : 160 | Oner
2025-05-28 15:02:01 INFO  pq.progamerquiz.util.UpdateDBList -   : 161 | OnFleek
2025-05-28 15:02:01 INFO  pq.progamerquiz.util.UpdateDBList -   : 162 | Paduck
2025-05-28 15:02:01 INFO  pq.progamerquiz.util.UpdateDBList -   : 163 | Part
2025-05-28 15:02:01 INFO  pq.progamerquiz.util.UpdateDBList -   : 164 | PawN
2025-05-28 15:02:01 INFO  pq.progamerquiz.util.UpdateDBList -   : 165 | Peanut
2025-05-28 15:02:01 INFO  pq.progamerquiz.util.UpdateDBList -   : 166 | PerfecT
2025-05-28 15:02:01 INFO  pq.progamerquiz.util.UpdateDBList -   : 167 | Peter
2025-05-28 15:02:01 INFO  pq.progamerquiz.util.UpdateDBList -   : 168 | Peyz
2025-05-28 15:02:01 INFO  pq.progamerquiz.util.UpdateDBList -   : 169 | Piccaboo
2025-05-28 15:02:01 INFO  pq.progamerquiz.util.UpdateDBList -   : 170 | Piglet
2025-05-28 15:02:01 INFO  pq.progamerquiz.util.UpdateDBList -   : 171 | Pilot
2025-05-28 15:02:01 INFO  pq.progamerquiz.util.UpdateDBList -   : 172 | Pirean
2025-05-28 15:02:01 INFO  pq.progamerquiz.util.UpdateDBList -   : 173 | Pleata
2025-05-28 15:02:01 INFO  pq.progamerquiz.util.UpdateDBList -   : 174 | Pollu
2025-05-28 15:02:01 INFO  pq.progamerquiz.util.UpdateDBList -   : 175 | PraY
2025-05-28 15:02:01 INFO  pq.progamerquiz.util.UpdateDBList -   : 176 | Prince
2025-05-28 15:02:01 INFO  pq.progamerquiz.util.UpdateDBList -   : 177 | Profit
2025-05-28 15:02:01 INFO  pq.progamerquiz.util.UpdateDBList -   : 178 | Pullbae
2025-05-28 15:02:01 INFO  pq.progamerquiz.util.UpdateDBList -   : 179 | Punch
2025-05-28 15:02:01 INFO  pq.progamerquiz.util.UpdateDBList -   : 180 | Pyosik
2025-05-28 15:02:01 INFO  pq.progamerquiz.util.UpdateDBList -   : 181 | Quad
2025-05-28 15:02:01 INFO  pq.progamerquiz.util.UpdateDBList -   : 182 | Quantum
2025-05-28 15:02:01 INFO  pq.progamerquiz.util.UpdateDBList -   : 183 | Raise
2025-05-28 15:02:01 INFO  pq.progamerquiz.util.UpdateDBList -   : 184 | Raptor
2025-05-28 15:02:01 INFO  pq.progamerquiz.util.UpdateDBList -   : 185 | Rascal
2025-05-28 15:02:01 INFO  pq.progamerquiz.util.UpdateDBList -   : 186 | Reignover
2025-05-28 15:02:01 INFO  pq.progamerquiz.util.UpdateDBList -   : 187 | Rich
2025-05-28 15:02:01 INFO  pq.progamerquiz.util.UpdateDBList -   : 188 | Roach
2025-05-28 15:02:01 INFO  pq.progamerquiz.util.UpdateDBList -   : 189 | Rookie
2025-05-28 15:02:01 INFO  pq.progamerquiz.util.UpdateDBList -   : 190 | Route
2025-05-28 15:02:01 INFO  pq.progamerquiz.util.UpdateDBList -   : 191 | Ruler
2025-05-28 15:02:01 INFO  pq.progamerquiz.util.UpdateDBList -   : 192 | Rush
2025-05-28 15:02:01 INFO  pq.progamerquiz.util.UpdateDBList -   : 193 | Ryu
2025-05-28 15:02:01 INFO  pq.progamerquiz.util.UpdateDBList -   : 194 | SamD
2025-05-28 15:02:01 INFO  pq.progamerquiz.util.UpdateDBList -   : 195 | Samver
2025-05-28 15:02:01 INFO  pq.progamerquiz.util.UpdateDBList -   : 196 | Sangyoon
2025-05-28 15:02:01 INFO  pq.progamerquiz.util.UpdateDBList -   : 197 | Save
2025-05-28 15:02:01 INFO  pq.progamerquiz.util.UpdateDBList -   : 198 | Score
2025-05-28 15:02:01 INFO  pq.progamerquiz.util.UpdateDBList -   : 199 | Scout
2025-05-28 15:02:01 INFO  pq.progamerquiz.util.UpdateDBList -   : 200 | Secret
2025-05-28 15:02:01 INFO  pq.progamerquiz.util.UpdateDBList -   : 201 | SeongHwan
2025-05-28 15:02:01 INFO  pq.progamerquiz.util.UpdateDBList -   : 202 | SeTab
2025-05-28 15:02:01 INFO  pq.progamerquiz.util.UpdateDBList -   : 203 | ShowMaker
2025-05-28 15:02:01 INFO  pq.progamerquiz.util.UpdateDBList -   : 204 | Shy
2025-05-28 15:02:01 INFO  pq.progamerquiz.util.UpdateDBList -   : 205 | Sky
2025-05-28 15:02:01 INFO  pq.progamerquiz.util.UpdateDBList -   : 206 | Smeb
2025-05-28 15:02:01 INFO  pq.progamerquiz.util.UpdateDBList -   : 207 | SnowFlower
2025-05-28 15:02:01 INFO  pq.progamerquiz.util.UpdateDBList -   : 208 | SoHwan
2025-05-28 15:02:01 INFO  pq.progamerquiz.util.UpdateDBList -   : 209 | Space
2025-05-28 15:02:01 INFO  pq.progamerquiz.util.UpdateDBList -   : 210 | Spirit
2025-05-28 15:02:01 INFO  pq.progamerquiz.util.UpdateDBList -   : 211 | Sponge
2025-05-28 15:02:01 INFO  pq.progamerquiz.util.UpdateDBList -   : 212 | SSol
2025-05-28 15:02:01 INFO  pq.progamerquiz.util.UpdateDBList -   : 213 | Ssumday
2025-05-28 15:02:01 INFO  pq.progamerquiz.util.UpdateDBList -   : 214 | Stitch
2025-05-28 15:02:01 INFO  pq.progamerquiz.util.UpdateDBList -   : 215 | Summit
2025-05-28 15:02:01 INFO  pq.progamerquiz.util.UpdateDBList -   : 216 | Sword
2025-05-28 15:02:01 INFO  pq.progamerquiz.util.UpdateDBList -   : 217 | Sylvie
2025-05-28 15:02:01 INFO  pq.progamerquiz.util.UpdateDBList -   : 218 | Taeyoon
2025-05-28 15:02:01 INFO  pq.progamerquiz.util.UpdateDBList -   : 219 | Tank
2025-05-28 15:02:01 INFO  pq.progamerquiz.util.UpdateDBList -   : 220 | Tarzan
2025-05-28 15:02:01 INFO  pq.progamerquiz.util.UpdateDBList -   : 221 | Teddy
2025-05-28 15:02:01 INFO  pq.progamerquiz.util.UpdateDBList -   : 222 | Tempt
2025-05-28 15:02:01 INFO  pq.progamerquiz.util.UpdateDBList -   : 223 | Thal
2025-05-28 15:02:01 INFO  pq.progamerquiz.util.UpdateDBList -   : 224 | Tom
2025-05-28 15:02:01 INFO  pq.progamerquiz.util.UpdateDBList -   : 225 | Totoro
2025-05-28 15:02:01 INFO  pq.progamerquiz.util.UpdateDBList -   : 226 | TrAce
2025-05-28 15:02:01 INFO  pq.progamerquiz.util.UpdateDBList -   : 227 | Trick
2025-05-28 15:02:01 INFO  pq.progamerquiz.util.UpdateDBList -   : 228 | Trigger
2025-05-28 15:02:01 INFO  pq.progamerquiz.util.UpdateDBList -   : 229 | TusiN
2025-05-28 15:02:01 INFO  pq.progamerquiz.util.UpdateDBList -   : 230 | Ucal
2025-05-28 15:02:01 INFO  pq.progamerquiz.util.UpdateDBList -   : 231 | Umti
2025-05-28 15:02:01 INFO  pq.progamerquiz.util.UpdateDBList -   : 232 | Untara
2025-05-28 15:02:01 INFO  pq.progamerquiz.util.UpdateDBList -   : 233 | VicLa
2025-05-28 15:02:01 INFO  pq.progamerquiz.util.UpdateDBList -   : 234 | Viper
2025-05-28 15:02:01 INFO  pq.progamerquiz.util.UpdateDBList -   : 235 | vital
2025-05-28 15:02:01 INFO  pq.progamerquiz.util.UpdateDBList -   : 236 | Vsta
2025-05-28 15:02:01 INFO  pq.progamerquiz.util.UpdateDBList -   : 237 | Watch
2025-05-28 15:02:01 INFO  pq.progamerquiz.util.UpdateDBList -   : 238 | Willer
2025-05-28 15:02:01 INFO  pq.progamerquiz.util.UpdateDBList -   : 239 | Winged
2025-05-28 15:02:01 INFO  pq.progamerquiz.util.UpdateDBList -   : 240 | Wiz
2025-05-28 15:02:01 INFO  pq.progamerquiz.util.UpdateDBList -   : 241 | Wolf
2025-05-28 15:02:01 INFO  pq.progamerquiz.util.UpdateDBList -   : 242 | Wraith
2025-05-28 15:02:01 INFO  pq.progamerquiz.util.UpdateDBList -   : 243 | yoHan
2025-05-28 15:02:01 INFO  pq.progamerquiz.util.UpdateDBList -   : 244 | Youngjae
2025-05-28 15:02:01 INFO  pq.progamerquiz.util.UpdateDBList -   : 245 | Zefa
2025-05-28 15:02:01 INFO  pq.progamerquiz.util.UpdateDBList -   : 246 | Zeka
2025-05-28 15:02:01 INFO  pq.progamerquiz.util.UpdateDBList -   : 247 | Zenit
2025-05-28 15:02:01 INFO  pq.progamerquiz.util.UpdateDBList -   : 248 | Zero
2025-05-28 15:02:01 INFO  pq.progamerquiz.util.UpdateDBList -   : 249 | Zeus
2025-05-28 15:02:01 INFO  pq.progamerquiz.util.UpdateDBList -   : 250 | Zzus
2025-05-28 15:02:03 INFO  p.p.controller.HomeController - Home Controller
2025-05-28 15:02:05 INFO  p.p.d.w.c.WhoareyouController - Who Are you?
2025-05-28 15:02:07 INFO  p.p.d.w.service.WheareyouService - Input : faker | Answer : Mihile
2025-05-28 15:10:30 INFO  o.s.o.j.LocalContainerEntityManagerFactoryBean - Closing JPA EntityManagerFactory for persistence unit 'default'
2025-05-28 15:10:30 INFO  com.zaxxer.hikari.HikariDataSource - HikariPool-1 - Shutdown initiated...
2025-05-28 15:10:30 INFO  com.zaxxer.hikari.HikariDataSource - HikariPool-1 - Shutdown completed.
